{"/srv/workspaces/smarties/solana-concepts-sandbox/api/carecircle.js": {"path":"/srv/workspaces/smarties/solana-concepts-sandbox/api/carecircle.js","statementMap":{"0":{"start":{"line":1,"column":16},"end":{"line":1,"column":34}},"1":{"start":{"line":2,"column":13},"end":{"line":2,"column":28}},"2":{"start":{"line":3,"column":11},"end":{"line":3,"column":24}},"3":{"start":{"line":4,"column":15},"end":{"line":4,"column":32}},"4":{"start":{"line":5,"column":23},"end":{"line":5,"column":38}},"5":{"start":{"line":6,"column":25},"end":{"line":6,"column":44}},"6":{"start":{"line":7,"column":12},"end":{"line":7,"column":46}},"7":{"start":{"line":8,"column":25},"end":{"line":8,"column":46}},"8":{"start":{"line":9,"column":54},"end":{"line":9,"column":82}},"9":{"start":{"line":10,"column":15},"end":{"line":10,"column":31}},"10":{"start":{"line":20,"column":2},"end":{"line":20,"column":33}},"11":{"start":{"line":20,"column":21},"end":{"line":20,"column":33}},"12":{"start":{"line":21,"column":16},"end":{"line":21,"column":39}},"13":{"start":{"line":22,"column":2},"end":{"line":22,"column":52}},"14":{"start":{"line":30,"column":2},"end":{"line":38,"column":4}},"15":{"start":{"line":31,"column":18},"end":{"line":31,"column":54}},"16":{"start":{"line":32,"column":27},"end":{"line":32,"column":55}},"17":{"start":{"line":33,"column":22},"end":{"line":33,"column":77}},"18":{"start":{"line":34,"column":4},"end":{"line":34,"column":39}},"19":{"start":{"line":36,"column":5},"end":{"line":36,"column":82}},"20":{"start":{"line":37,"column":5},"end":{"line":37,"column":17}},"21":{"start":{"line":49,"column":2},"end":{"line":96,"column":4}},"22":{"start":{"line":51,"column":4},"end":{"line":53,"column":5}},"23":{"start":{"line":52,"column":6},"end":{"line":52,"column":18}},"24":{"start":{"line":56,"column":27},"end":{"line":56,"column":62}},"25":{"start":{"line":59,"column":27},"end":{"line":59,"column":66}},"26":{"start":{"line":60,"column":23},"end":{"line":65,"column":6}},"27":{"start":{"line":62,"column":22},"end":{"line":62,"column":67}},"28":{"start":{"line":63,"column":21},"end":{"line":63,"column":51}},"29":{"start":{"line":64,"column":6},"end":{"line":64,"column":69}},"30":{"start":{"line":67,"column":5},"end":{"line":70,"column":6}},"31":{"start":{"line":68,"column":7},"end":{"line":68,"column":88}},"32":{"start":{"line":69,"column":7},"end":{"line":69,"column":19}},"33":{"start":{"line":73,"column":4},"end":{"line":89,"column":5}},"34":{"start":{"line":74,"column":6},"end":{"line":88,"column":8}},"35":{"start":{"line":76,"column":22},"end":{"line":76,"column":58}},"36":{"start":{"line":77,"column":31},"end":{"line":77,"column":59}},"37":{"start":{"line":78,"column":31},"end":{"line":78,"column":105}},"38":{"start":{"line":80,"column":34},"end":{"line":80,"column":94}},"39":{"start":{"line":81,"column":9},"end":{"line":84,"column":10}},"40":{"start":{"line":82,"column":11},"end":{"line":82,"column":93}},"41":{"start":{"line":83,"column":11},"end":{"line":83,"column":23}},"42":{"start":{"line":86,"column":9},"end":{"line":86,"column":82}},"43":{"start":{"line":91,"column":5},"end":{"line":91,"column":80}},"44":{"start":{"line":92,"column":5},"end":{"line":92,"column":18}},"45":{"start":{"line":94,"column":5},"end":{"line":94,"column":62}},"46":{"start":{"line":95,"column":5},"end":{"line":95,"column":18}},"47":{"start":{"line":103,"column":2},"end":{"line":103,"column":66}},"48":{"start":{"line":145,"column":0},"end":{"line":198,"column":3}},"49":{"start":{"line":146,"column":2},"end":{"line":197,"column":4}},"50":{"start":{"line":147,"column":19},"end":{"line":147,"column":35}},"51":{"start":{"line":148,"column":4},"end":{"line":150,"column":5}},"52":{"start":{"line":149,"column":6},"end":{"line":149,"column":72}},"53":{"start":{"line":153,"column":27},"end":{"line":153,"column":66}},"54":{"start":{"line":154,"column":24},"end":{"line":154,"column":26}},"55":{"start":{"line":155,"column":18},"end":{"line":155,"column":54}},"56":{"start":{"line":156,"column":27},"end":{"line":156,"column":55}},"57":{"start":{"line":159,"column":4},"end":{"line":191,"column":5}},"58":{"start":{"line":160,"column":22},"end":{"line":160,"column":27}},"59":{"start":{"line":163,"column":6},"end":{"line":179,"column":7}},"60":{"start":{"line":164,"column":8},"end":{"line":164,"column":25}},"61":{"start":{"line":167,"column":8},"end":{"line":178,"column":8}},"62":{"start":{"line":169,"column":28},"end":{"line":169,"column":120}},"63":{"start":{"line":170,"column":43},"end":{"line":170,"column":71}},"64":{"start":{"line":171,"column":36},"end":{"line":171,"column":91}},"65":{"start":{"line":172,"column":10},"end":{"line":174,"column":11}},"66":{"start":{"line":173,"column":12},"end":{"line":173,"column":29}},"67":{"start":{"line":176,"column":9},"end":{"line":176,"column":108}},"68":{"start":{"line":181,"column":6},"end":{"line":190,"column":7}},"69":{"start":{"line":182,"column":8},"end":{"line":189,"column":11}},"70":{"start":{"line":193,"column":4},"end":{"line":193,"column":91}},"71":{"start":{"line":193,"column":62},"end":{"line":193,"column":86}},"72":{"start":{"line":195,"column":5},"end":{"line":195,"column":55}},"73":{"start":{"line":196,"column":5},"end":{"line":196,"column":74}},"74":{"start":{"line":240,"column":0},"end":{"line":279,"column":3}},"75":{"start":{"line":241,"column":2},"end":{"line":278,"column":4}},"76":{"start":{"line":242,"column":19},"end":{"line":242,"column":35}},"77":{"start":{"line":243,"column":25},"end":{"line":243,"column":47}},"78":{"start":{"line":245,"column":4},"end":{"line":247,"column":5}},"79":{"start":{"line":246,"column":6},"end":{"line":246,"column":81}},"80":{"start":{"line":250,"column":22},"end":{"line":250,"column":69}},"81":{"start":{"line":251,"column":4},"end":{"line":253,"column":5}},"82":{"start":{"line":252,"column":6},"end":{"line":252,"column":105}},"83":{"start":{"line":255,"column":19},"end":{"line":255,"column":38}},"84":{"start":{"line":256,"column":26},"end":{"line":256,"column":45}},"85":{"start":{"line":259,"column":4},"end":{"line":261,"column":5}},"86":{"start":{"line":260,"column":6},"end":{"line":260,"column":68}},"87":{"start":{"line":263,"column":27},"end":{"line":263,"column":67}},"88":{"start":{"line":264,"column":18},"end":{"line":264,"column":20}},"89":{"start":{"line":266,"column":4},"end":{"line":272,"column":5}},"90":{"start":{"line":267,"column":22},"end":{"line":267,"column":52}},"91":{"start":{"line":268,"column":6},"end":{"line":271,"column":10}},"92":{"start":{"line":269,"column":25},"end":{"line":269,"column":57}},"93":{"start":{"line":270,"column":8},"end":{"line":270,"column":46}},"94":{"start":{"line":274,"column":4},"end":{"line":274,"column":45}},"95":{"start":{"line":276,"column":5},"end":{"line":276,"column":49}},"96":{"start":{"line":277,"column":5},"end":{"line":277,"column":68}},"97":{"start":{"line":344,"column":0},"end":{"line":431,"column":3}},"98":{"start":{"line":345,"column":2},"end":{"line":430,"column":4}},"99":{"start":{"line":346,"column":79},"end":{"line":346,"column":87}},"100":{"start":{"line":348,"column":4},"end":{"line":350,"column":5}},"101":{"start":{"line":349,"column":6},"end":{"line":349,"column":72}},"102":{"start":{"line":353,"column":22},"end":{"line":353,"column":69}},"103":{"start":{"line":354,"column":4},"end":{"line":356,"column":5}},"104":{"start":{"line":355,"column":6},"end":{"line":355,"column":105}},"105":{"start":{"line":358,"column":20},"end":{"line":358,"column":35}},"106":{"start":{"line":359,"column":4},"end":{"line":361,"column":5}},"107":{"start":{"line":360,"column":6},"end":{"line":360,"column":76}},"108":{"start":{"line":365,"column":4},"end":{"line":380,"column":7}},"109":{"start":{"line":366,"column":6},"end":{"line":366,"column":26}},"110":{"start":{"line":367,"column":11},"end":{"line":380,"column":7}},"111":{"start":{"line":369,"column":27},"end":{"line":369,"column":91}},"112":{"start":{"line":370,"column":6},"end":{"line":370,"column":51}},"113":{"start":{"line":371,"column":11},"end":{"line":380,"column":7}},"114":{"start":{"line":373,"column":5},"end":{"line":373,"column":38}},"115":{"start":{"line":374,"column":12},"end":{"line":380,"column":7}},"116":{"start":{"line":376,"column":7},"end":{"line":376,"column":45}},"117":{"start":{"line":378,"column":8},"end":{"line":378,"column":111}},"118":{"start":{"line":379,"column":8},"end":{"line":379,"column":77}},"119":{"start":{"line":382,"column":22},"end":{"line":382,"column":47}},"120":{"start":{"line":385,"column":6},"end":{"line":414,"column":7}},"121":{"start":{"line":386,"column":8},"end":{"line":386,"column":50}},"122":{"start":{"line":387,"column":23},"end":{"line":387,"column":42}},"123":{"start":{"line":388,"column":30},"end":{"line":388,"column":49}},"124":{"start":{"line":391,"column":8},"end":{"line":393,"column":9}},"125":{"start":{"line":392,"column":10},"end":{"line":392,"column":72}},"126":{"start":{"line":395,"column":31},"end":{"line":395,"column":71}},"127":{"start":{"line":397,"column":8},"end":{"line":411,"column":9}},"128":{"start":{"line":399,"column":10},"end":{"line":402,"column":11}},"129":{"start":{"line":400,"column":12},"end":{"line":400,"column":62}},"130":{"start":{"line":401,"column":12},"end":{"line":401,"column":70}},"131":{"start":{"line":405,"column":27},"end":{"line":405,"column":62}},"132":{"start":{"line":406,"column":10},"end":{"line":406,"column":45}},"133":{"start":{"line":407,"column":10},"end":{"line":407,"column":51}},"134":{"start":{"line":409,"column":10},"end":{"line":409,"column":66}},"135":{"start":{"line":413,"column":8},"end":{"line":413,"column":71}},"136":{"start":{"line":416,"column":4},"end":{"line":426,"column":7}},"137":{"start":{"line":428,"column":5},"end":{"line":428,"column":50}},"138":{"start":{"line":429,"column":5},"end":{"line":429,"column":69}},"139":{"start":{"line":495,"column":0},"end":{"line":602,"column":3}},"140":{"start":{"line":496,"column":2},"end":{"line":601,"column":4}},"141":{"start":{"line":497,"column":55},"end":{"line":497,"column":63}},"142":{"start":{"line":499,"column":4},"end":{"line":501,"column":5}},"143":{"start":{"line":500,"column":6},"end":{"line":500,"column":102}},"144":{"start":{"line":504,"column":22},"end":{"line":504,"column":69}},"145":{"start":{"line":505,"column":4},"end":{"line":507,"column":5}},"146":{"start":{"line":506,"column":6},"end":{"line":506,"column":105}},"147":{"start":{"line":510,"column":25},"end":{"line":510,"column":56}},"148":{"start":{"line":511,"column":4},"end":{"line":513,"column":5}},"149":{"start":{"line":512,"column":6},"end":{"line":512,"column":81}},"150":{"start":{"line":516,"column":5},"end":{"line":525,"column":6}},"151":{"start":{"line":517,"column":7},"end":{"line":517,"column":79}},"152":{"start":{"line":518,"column":7},"end":{"line":524,"column":10}},"153":{"start":{"line":527,"column":4},"end":{"line":597,"column":6}},"154":{"start":{"line":529,"column":29},"end":{"line":529,"column":68}},"155":{"start":{"line":530,"column":29},"end":{"line":530,"column":64}},"156":{"start":{"line":531,"column":25},"end":{"line":535,"column":8}},"157":{"start":{"line":532,"column":24},"end":{"line":532,"column":69}},"158":{"start":{"line":533,"column":23},"end":{"line":533,"column":53}},"159":{"start":{"line":534,"column":8},"end":{"line":534,"column":71}},"160":{"start":{"line":537,"column":6},"end":{"line":539,"column":7}},"161":{"start":{"line":538,"column":8},"end":{"line":538,"column":71}},"162":{"start":{"line":542,"column":20},"end":{"line":542,"column":56}},"163":{"start":{"line":543,"column":29},"end":{"line":543,"column":57}},"164":{"start":{"line":546,"column":7},"end":{"line":546,"column":67}},"165":{"start":{"line":547,"column":25},"end":{"line":547,"column":110}},"166":{"start":{"line":548,"column":7},"end":{"line":548,"column":74}},"167":{"start":{"line":551,"column":7},"end":{"line":551,"column":77}},"168":{"start":{"line":553,"column":7},"end":{"line":572,"column":8}},"169":{"start":{"line":554,"column":9},"end":{"line":559,"column":11}},"170":{"start":{"line":560,"column":9},"end":{"line":560,"column":89}},"171":{"start":{"line":562,"column":9},"end":{"line":562,"column":92}},"172":{"start":{"line":564,"column":9},"end":{"line":566,"column":10}},"173":{"start":{"line":565,"column":11},"end":{"line":565,"column":26}},"174":{"start":{"line":567,"column":9},"end":{"line":567,"column":64}},"175":{"start":{"line":568,"column":9},"end":{"line":571,"column":11}},"176":{"start":{"line":574,"column":7},"end":{"line":574,"column":84}},"177":{"start":{"line":576,"column":6},"end":{"line":590,"column":9}},"178":{"start":{"line":592,"column":7},"end":{"line":592,"column":77}},"179":{"start":{"line":593,"column":7},"end":{"line":596,"column":10}},"180":{"start":{"line":599,"column":5},"end":{"line":599,"column":57}},"181":{"start":{"line":600,"column":5},"end":{"line":600,"column":77}},"182":{"start":{"line":649,"column":0},"end":{"line":732,"column":3}},"183":{"start":{"line":650,"column":2},"end":{"line":731,"column":4}},"184":{"start":{"line":651,"column":19},"end":{"line":651,"column":35}},"185":{"start":{"line":652,"column":25},"end":{"line":652,"column":47}},"186":{"start":{"line":654,"column":4},"end":{"line":656,"column":5}},"187":{"start":{"line":655,"column":6},"end":{"line":655,"column":81}},"188":{"start":{"line":658,"column":4},"end":{"line":658,"column":95}},"189":{"start":{"line":661,"column":22},"end":{"line":661,"column":69}},"190":{"start":{"line":662,"column":4},"end":{"line":664,"column":5}},"191":{"start":{"line":663,"column":6},"end":{"line":663,"column":105}},"192":{"start":{"line":666,"column":4},"end":{"line":727,"column":6}},"193":{"start":{"line":668,"column":29},"end":{"line":668,"column":68}},"194":{"start":{"line":669,"column":29},"end":{"line":669,"column":64}},"195":{"start":{"line":670,"column":25},"end":{"line":674,"column":8}},"196":{"start":{"line":671,"column":24},"end":{"line":671,"column":69}},"197":{"start":{"line":672,"column":23},"end":{"line":672,"column":53}},"198":{"start":{"line":673,"column":8},"end":{"line":673,"column":71}},"199":{"start":{"line":676,"column":7},"end":{"line":679,"column":8}},"200":{"start":{"line":677,"column":9},"end":{"line":677,"column":71}},"201":{"start":{"line":678,"column":9},"end":{"line":678,"column":72}},"202":{"start":{"line":681,"column":7},"end":{"line":681,"column":126}},"203":{"start":{"line":684,"column":7},"end":{"line":687,"column":8}},"204":{"start":{"line":685,"column":9},"end":{"line":685,"column":45}},"205":{"start":{"line":686,"column":9},"end":{"line":686,"column":42}},"206":{"start":{"line":690,"column":20},"end":{"line":690,"column":56}},"207":{"start":{"line":691,"column":29},"end":{"line":691,"column":57}},"208":{"start":{"line":695,"column":6},"end":{"line":695,"column":82}},"209":{"start":{"line":696,"column":25},"end":{"line":696,"column":129}},"210":{"start":{"line":697,"column":7},"end":{"line":697,"column":74}},"211":{"start":{"line":700,"column":7},"end":{"line":710,"column":8}},"212":{"start":{"line":701,"column":9},"end":{"line":709,"column":10}},"213":{"start":{"line":703,"column":22},"end":{"line":703,"column":46}},"214":{"start":{"line":704,"column":11},"end":{"line":705,"column":77}},"215":{"start":{"line":707,"column":11},"end":{"line":707,"column":90}},"216":{"start":{"line":713,"column":7},"end":{"line":713,"column":92}},"217":{"start":{"line":714,"column":23},"end":{"line":714,"column":84}},"218":{"start":{"line":715,"column":7},"end":{"line":715,"column":88}},"219":{"start":{"line":717,"column":6},"end":{"line":722,"column":9}},"220":{"start":{"line":724,"column":7},"end":{"line":724,"column":106}},"221":{"start":{"line":726,"column":7},"end":{"line":726,"column":88}},"222":{"start":{"line":729,"column":5},"end":{"line":729,"column":62}},"223":{"start":{"line":730,"column":5},"end":{"line":730,"column":80}},"224":{"start":{"line":738,"column":0},"end":{"line":750,"column":3}},"225":{"start":{"line":739,"column":2},"end":{"line":749,"column":4}},"226":{"start":{"line":740,"column":20},"end":{"line":740,"column":83}},"227":{"start":{"line":741,"column":4},"end":{"line":744,"column":5}},"228":{"start":{"line":742,"column":22},"end":{"line":742,"column":54}},"229":{"start":{"line":743,"column":6},"end":{"line":743,"column":35}},"230":{"start":{"line":745,"column":4},"end":{"line":745,"column":70}},"231":{"start":{"line":747,"column":5},"end":{"line":747,"column":57}},"232":{"start":{"line":748,"column":5},"end":{"line":748,"column":76}},"233":{"start":{"line":752,"column":0},"end":{"line":752,"column":24}}},"fnMap":{"0":{"name":"extractCredentialUuid","decl":{"start":{"line":19,"column":9},"end":{"line":19,"column":30}},"loc":{"start":{"line":19,"column":45},"end":{"line":23,"column":1}},"line":19},"1":{"name":"getSasCredentialAddress","decl":{"start":{"line":29,"column":15},"end":{"line":29,"column":38}},"loc":{"start":{"line":29,"column":47},"end":{"line":39,"column":1}},"line":29},"2":{"name":"hasCredentialAccess","decl":{"start":{"line":48,"column":15},"end":{"line":48,"column":34}},"loc":{"start":{"line":48,"column":57},"end":{"line":97,"column":1}},"line":48},"3":{"name":"(anonymous_3)","decl":{"start":{"line":60,"column":43},"end":{"line":60,"column":44}},"loc":{"start":{"line":60,"column":51},"end":{"line":65,"column":5}},"line":60},"4":{"name":"calculateFileHash","decl":{"start":{"line":102,"column":9},"end":{"line":102,"column":26}},"loc":{"start":{"line":102,"column":35},"end":{"line":104,"column":1}},"line":102},"5":{"name":"(anonymous_5)","decl":{"start":{"line":145,"column":27},"end":{"line":145,"column":28}},"loc":{"start":{"line":145,"column":47},"end":{"line":198,"column":1}},"line":145},"6":{"name":"(anonymous_6)","decl":{"start":{"line":193,"column":52},"end":{"line":193,"column":53}},"loc":{"start":{"line":193,"column":62},"end":{"line":193,"column":86}},"line":193},"7":{"name":"(anonymous_7)","decl":{"start":{"line":240,"column":21},"end":{"line":240,"column":22}},"loc":{"start":{"line":240,"column":41},"end":{"line":279,"column":1}},"line":240},"8":{"name":"(anonymous_8)","decl":{"start":{"line":268,"column":35},"end":{"line":268,"column":36}},"loc":{"start":{"line":268,"column":44},"end":{"line":271,"column":7}},"line":268},"9":{"name":"(anonymous_9)","decl":{"start":{"line":344,"column":23},"end":{"line":344,"column":24}},"loc":{"start":{"line":344,"column":43},"end":{"line":431,"column":1}},"line":344},"10":{"name":"(anonymous_10)","decl":{"start":{"line":495,"column":36},"end":{"line":495,"column":37}},"loc":{"start":{"line":495,"column":56},"end":{"line":602,"column":1}},"line":495},"11":{"name":"(anonymous_11)","decl":{"start":{"line":531,"column":45},"end":{"line":531,"column":46}},"loc":{"start":{"line":531,"column":53},"end":{"line":535,"column":7}},"line":531},"12":{"name":"(anonymous_12)","decl":{"start":{"line":649,"column":34},"end":{"line":649,"column":35}},"loc":{"start":{"line":649,"column":54},"end":{"line":732,"column":1}},"line":649},"13":{"name":"(anonymous_13)","decl":{"start":{"line":670,"column":45},"end":{"line":670,"column":46}},"loc":{"start":{"line":670,"column":53},"end":{"line":674,"column":7}},"line":670},"14":{"name":"(anonymous_14)","decl":{"start":{"line":738,"column":29},"end":{"line":738,"column":30}},"loc":{"start":{"line":738,"column":43},"end":{"line":750,"column":1}},"line":738}},"branchMap":{"0":{"loc":{"start":{"line":20,"column":2},"end":{"line":20,"column":33}},"type":"if","locations":[{"start":{"line":20,"column":2},"end":{"line":20,"column":33}},{"start":{},"end":{}}],"line":20},"1":{"loc":{"start":{"line":22,"column":9},"end":{"line":22,"column":51}},"type":"cond-expr","locations":[{"start":{"line":22,"column":28},"end":{"line":22,"column":36}},{"start":{"line":22,"column":39},"end":{"line":22,"column":51}}],"line":22},"2":{"loc":{"start":{"line":51,"column":4},"end":{"line":53,"column":5}},"type":"if","locations":[{"start":{"line":51,"column":4},"end":{"line":53,"column":5}},{"start":{},"end":{}}],"line":51},"3":{"loc":{"start":{"line":64,"column":13},"end":{"line":64,"column":68}},"type":"binary-expr","locations":[{"start":{"line":64,"column":13},"end":{"line":64,"column":39}},{"start":{"line":64,"column":43},"end":{"line":64,"column":68}}],"line":64},"4":{"loc":{"start":{"line":67,"column":5},"end":{"line":70,"column":6}},"type":"if","locations":[{"start":{"line":67,"column":5},"end":{"line":70,"column":6}},{"start":{},"end":{}}],"line":67},"5":{"loc":{"start":{"line":67,"column":9},"end":{"line":67,"column":59}},"type":"binary-expr","locations":[{"start":{"line":67,"column":9},"end":{"line":67,"column":19}},{"start":{"line":67,"column":23},"end":{"line":67,"column":59}}],"line":67},"6":{"loc":{"start":{"line":73,"column":4},"end":{"line":89,"column":5}},"type":"if","locations":[{"start":{"line":73,"column":4},"end":{"line":89,"column":5}},{"start":{},"end":{}}],"line":73},"7":{"loc":{"start":{"line":73,"column":8},"end":{"line":73,"column":50}},"type":"binary-expr","locations":[{"start":{"line":73,"column":8},"end":{"line":73,"column":18}},{"start":{"line":73,"column":22},"end":{"line":73,"column":50}}],"line":73},"8":{"loc":{"start":{"line":81,"column":9},"end":{"line":84,"column":10}},"type":"if","locations":[{"start":{"line":81,"column":9},"end":{"line":84,"column":10}},{"start":{},"end":{}}],"line":81},"9":{"loc":{"start":{"line":81,"column":13},"end":{"line":81,"column":68}},"type":"binary-expr","locations":[{"start":{"line":81,"column":13},"end":{"line":81,"column":30}},{"start":{"line":81,"column":34},"end":{"line":81,"column":68}}],"line":81},"10":{"loc":{"start":{"line":148,"column":4},"end":{"line":150,"column":5}},"type":"if","locations":[{"start":{"line":148,"column":4},"end":{"line":150,"column":5}},{"start":{},"end":{}}],"line":148},"11":{"loc":{"start":{"line":163,"column":6},"end":{"line":179,"column":7}},"type":"if","locations":[{"start":{"line":163,"column":6},"end":{"line":179,"column":7}},{"start":{"line":165,"column":13},"end":{"line":179,"column":7}}],"line":163},"12":{"loc":{"start":{"line":172,"column":10},"end":{"line":174,"column":11}},"type":"if","locations":[{"start":{"line":172,"column":10},"end":{"line":174,"column":11}},{"start":{},"end":{}}],"line":172},"13":{"loc":{"start":{"line":172,"column":14},"end":{"line":172,"column":69}},"type":"binary-expr","locations":[{"start":{"line":172,"column":14},"end":{"line":172,"column":31}},{"start":{"line":172,"column":35},"end":{"line":172,"column":69}}],"line":172},"14":{"loc":{"start":{"line":181,"column":6},"end":{"line":190,"column":7}},"type":"if","locations":[{"start":{"line":181,"column":6},"end":{"line":190,"column":7}},{"start":{},"end":{}}],"line":181},"15":{"loc":{"start":{"line":245,"column":4},"end":{"line":247,"column":5}},"type":"if","locations":[{"start":{"line":245,"column":4},"end":{"line":247,"column":5}},{"start":{},"end":{}}],"line":245},"16":{"loc":{"start":{"line":245,"column":8},"end":{"line":245,"column":32}},"type":"binary-expr","locations":[{"start":{"line":245,"column":8},"end":{"line":245,"column":15}},{"start":{"line":245,"column":19},"end":{"line":245,"column":32}}],"line":245},"17":{"loc":{"start":{"line":251,"column":4},"end":{"line":253,"column":5}},"type":"if","locations":[{"start":{"line":251,"column":4},"end":{"line":253,"column":5}},{"start":{},"end":{}}],"line":251},"18":{"loc":{"start":{"line":259,"column":4},"end":{"line":261,"column":5}},"type":"if","locations":[{"start":{"line":259,"column":4},"end":{"line":261,"column":5}},{"start":{},"end":{}}],"line":259},"19":{"loc":{"start":{"line":266,"column":4},"end":{"line":272,"column":5}},"type":"if","locations":[{"start":{"line":266,"column":4},"end":{"line":272,"column":5}},{"start":{},"end":{}}],"line":266},"20":{"loc":{"start":{"line":348,"column":4},"end":{"line":350,"column":5}},"type":"if","locations":[{"start":{"line":348,"column":4},"end":{"line":350,"column":5}},{"start":{},"end":{}}],"line":348},"21":{"loc":{"start":{"line":348,"column":8},"end":{"line":348,"column":60}},"type":"binary-expr","locations":[{"start":{"line":348,"column":8},"end":{"line":348,"column":15}},{"start":{"line":348,"column":19},"end":{"line":348,"column":32}},{"start":{"line":348,"column":36},"end":{"line":348,"column":45}},{"start":{"line":348,"column":49},"end":{"line":348,"column":60}}],"line":348},"22":{"loc":{"start":{"line":354,"column":4},"end":{"line":356,"column":5}},"type":"if","locations":[{"start":{"line":354,"column":4},"end":{"line":356,"column":5}},{"start":{},"end":{}}],"line":354},"23":{"loc":{"start":{"line":359,"column":4},"end":{"line":361,"column":5}},"type":"if","locations":[{"start":{"line":359,"column":4},"end":{"line":361,"column":5}},{"start":{},"end":{}}],"line":359},"24":{"loc":{"start":{"line":365,"column":4},"end":{"line":380,"column":7}},"type":"if","locations":[{"start":{"line":365,"column":4},"end":{"line":380,"column":7}},{"start":{"line":367,"column":11},"end":{"line":380,"column":7}}],"line":365},"25":{"loc":{"start":{"line":367,"column":11},"end":{"line":380,"column":7}},"type":"if","locations":[{"start":{"line":367,"column":11},"end":{"line":380,"column":7}},{"start":{"line":371,"column":11},"end":{"line":380,"column":7}}],"line":367},"26":{"loc":{"start":{"line":369,"column":27},"end":{"line":369,"column":91}},"type":"cond-expr","locations":[{"start":{"line":369,"column":54},"end":{"line":369,"column":78}},{"start":{"line":369,"column":81},"end":{"line":369,"column":91}}],"line":369},"27":{"loc":{"start":{"line":371,"column":11},"end":{"line":380,"column":7}},"type":"if","locations":[{"start":{"line":371,"column":11},"end":{"line":380,"column":7}},{"start":{"line":374,"column":12},"end":{"line":380,"column":7}}],"line":371},"28":{"loc":{"start":{"line":374,"column":12},"end":{"line":380,"column":7}},"type":"if","locations":[{"start":{"line":374,"column":12},"end":{"line":380,"column":7}},{"start":{"line":377,"column":13},"end":{"line":380,"column":7}}],"line":374},"29":{"loc":{"start":{"line":374,"column":16},"end":{"line":374,"column":112}},"type":"binary-expr","locations":[{"start":{"line":374,"column":16},"end":{"line":374,"column":46}},{"start":{"line":374,"column":50},"end":{"line":374,"column":78}},{"start":{"line":374,"column":82},"end":{"line":374,"column":112}}],"line":374},"30":{"loc":{"start":{"line":378,"column":90},"end":{"line":378,"column":106}},"type":"binary-expr","locations":[{"start":{"line":378,"column":90},"end":{"line":378,"column":100}},{"start":{"line":378,"column":104},"end":{"line":378,"column":106}}],"line":378},"31":{"loc":{"start":{"line":385,"column":6},"end":{"line":414,"column":7}},"type":"if","locations":[{"start":{"line":385,"column":6},"end":{"line":414,"column":7}},{"start":{"line":412,"column":13},"end":{"line":414,"column":7}}],"line":385},"32":{"loc":{"start":{"line":391,"column":8},"end":{"line":393,"column":9}},"type":"if","locations":[{"start":{"line":391,"column":8},"end":{"line":393,"column":9}},{"start":{},"end":{}}],"line":391},"33":{"loc":{"start":{"line":399,"column":10},"end":{"line":402,"column":11}},"type":"if","locations":[{"start":{"line":399,"column":10},"end":{"line":402,"column":11}},{"start":{},"end":{}}],"line":399},"34":{"loc":{"start":{"line":499,"column":4},"end":{"line":501,"column":5}},"type":"if","locations":[{"start":{"line":499,"column":4},"end":{"line":501,"column":5}},{"start":{},"end":{}}],"line":499},"35":{"loc":{"start":{"line":499,"column":8},"end":{"line":499,"column":53}},"type":"binary-expr","locations":[{"start":{"line":499,"column":8},"end":{"line":499,"column":15}},{"start":{"line":499,"column":19},"end":{"line":499,"column":32}},{"start":{"line":499,"column":36},"end":{"line":499,"column":53}}],"line":499},"36":{"loc":{"start":{"line":505,"column":4},"end":{"line":507,"column":5}},"type":"if","locations":[{"start":{"line":505,"column":4},"end":{"line":507,"column":5}},{"start":{},"end":{}}],"line":505},"37":{"loc":{"start":{"line":511,"column":4},"end":{"line":513,"column":5}},"type":"if","locations":[{"start":{"line":511,"column":4},"end":{"line":513,"column":5}},{"start":{},"end":{}}],"line":511},"38":{"loc":{"start":{"line":516,"column":5},"end":{"line":525,"column":6}},"type":"if","locations":[{"start":{"line":516,"column":5},"end":{"line":525,"column":6}},{"start":{},"end":{}}],"line":516},"39":{"loc":{"start":{"line":534,"column":15},"end":{"line":534,"column":70}},"type":"binary-expr","locations":[{"start":{"line":534,"column":15},"end":{"line":534,"column":41}},{"start":{"line":534,"column":45},"end":{"line":534,"column":70}}],"line":534},"40":{"loc":{"start":{"line":537,"column":6},"end":{"line":539,"column":7}},"type":"if","locations":[{"start":{"line":537,"column":6},"end":{"line":539,"column":7}},{"start":{},"end":{}}],"line":537},"41":{"loc":{"start":{"line":564,"column":9},"end":{"line":566,"column":10}},"type":"if","locations":[{"start":{"line":564,"column":9},"end":{"line":566,"column":10}},{"start":{},"end":{}}],"line":564},"42":{"loc":{"start":{"line":654,"column":4},"end":{"line":656,"column":5}},"type":"if","locations":[{"start":{"line":654,"column":4},"end":{"line":656,"column":5}},{"start":{},"end":{}}],"line":654},"43":{"loc":{"start":{"line":654,"column":8},"end":{"line":654,"column":32}},"type":"binary-expr","locations":[{"start":{"line":654,"column":8},"end":{"line":654,"column":15}},{"start":{"line":654,"column":19},"end":{"line":654,"column":32}}],"line":654},"44":{"loc":{"start":{"line":662,"column":4},"end":{"line":664,"column":5}},"type":"if","locations":[{"start":{"line":662,"column":4},"end":{"line":664,"column":5}},{"start":{},"end":{}}],"line":662},"45":{"loc":{"start":{"line":673,"column":15},"end":{"line":673,"column":70}},"type":"binary-expr","locations":[{"start":{"line":673,"column":15},"end":{"line":673,"column":41}},{"start":{"line":673,"column":45},"end":{"line":673,"column":70}}],"line":673},"46":{"loc":{"start":{"line":676,"column":7},"end":{"line":679,"column":8}},"type":"if","locations":[{"start":{"line":676,"column":7},"end":{"line":679,"column":8}},{"start":{},"end":{}}],"line":676},"47":{"loc":{"start":{"line":684,"column":7},"end":{"line":687,"column":8}},"type":"if","locations":[{"start":{"line":684,"column":7},"end":{"line":687,"column":8}},{"start":{},"end":{}}],"line":684},"48":{"loc":{"start":{"line":700,"column":7},"end":{"line":710,"column":8}},"type":"if","locations":[{"start":{"line":700,"column":7},"end":{"line":710,"column":8}},{"start":{},"end":{}}],"line":700},"49":{"loc":{"start":{"line":700,"column":11},"end":{"line":700,"column":70}},"type":"binary-expr","locations":[{"start":{"line":700,"column":11},"end":{"line":700,"column":38}},{"start":{"line":700,"column":42},"end":{"line":700,"column":70}}],"line":700},"50":{"loc":{"start":{"line":714,"column":23},"end":{"line":714,"column":84}},"type":"binary-expr","locations":[{"start":{"line":714,"column":23},"end":{"line":714,"column":78}},{"start":{"line":714,"column":82},"end":{"line":714,"column":84}}],"line":714},"51":{"loc":{"start":{"line":741,"column":4},"end":{"line":744,"column":5}},"type":"if","locations":[{"start":{"line":741,"column":4},"end":{"line":744,"column":5}},{"start":{},"end":{}}],"line":741}},"s":{"0":1,"1":1,"2":1,"3":1,"4":1,"5":1,"6":1,"7":1,"8":1,"9":1,"10":0,"11":0,"12":0,"13":0,"14":0,"15":0,"16":0,"17":0,"18":0,"19":0,"20":0,"21":13,"22":13,"23":13,"24":0,"25":0,"26":0,"27":0,"28":0,"29":0,"30":0,"31":0,"32":0,"33":0,"34":0,"35":0,"36":0,"37":0,"38":0,"39":0,"40":0,"41":0,"42":0,"43":0,"44":0,"45":0,"46":0,"47":10,"48":1,"49":3,"50":3,"51":3,"52":2,"53":1,"54":1,"55":1,"56":0,"57":0,"58":0,"59":0,"60":0,"61":0,"62":0,"63":0,"64":0,"65":0,"66":0,"67":0,"68":0,"69":0,"70":0,"71":0,"72":1,"73":1,"74":1,"75":4,"76":4,"77":4,"78":4,"79":3,"80":1,"81":1,"82":0,"83":1,"84":1,"85":1,"86":1,"87":1,"88":1,"89":1,"90":0,"91":0,"92":0,"93":0,"94":1,"95":0,"96":0,"97":1,"98":15,"99":15,"100":15,"101":5,"102":10,"103":10,"104":0,"105":10,"106":10,"107":0,"108":10,"109":0,"110":10,"111":10,"112":10,"113":0,"114":0,"115":0,"116":0,"117":0,"118":0,"119":10,"120":10,"121":0,"122":0,"123":0,"124":0,"125":0,"126":0,"127":0,"128":0,"129":0,"130":0,"131":0,"132":0,"133":0,"134":0,"135":10,"136":10,"137":0,"138":0,"139":1,"140":11,"141":11,"142":11,"143":9,"144":2,"145":2,"146":0,"147":2,"148":2,"149":1,"150":1,"151":1,"152":1,"153":0,"154":0,"155":0,"156":0,"157":0,"158":0,"159":0,"160":0,"161":0,"162":0,"163":0,"164":0,"165":0,"166":0,"167":0,"168":0,"169":0,"170":0,"171":0,"172":0,"173":0,"174":0,"175":0,"176":0,"177":0,"178":0,"179":0,"180":0,"181":0,"182":1,"183":0,"184":0,"185":0,"186":0,"187":0,"188":0,"189":0,"190":0,"191":0,"192":0,"193":0,"194":0,"195":0,"196":0,"197":0,"198":0,"199":0,"200":0,"201":0,"202":0,"203":0,"204":0,"205":0,"206":0,"207":0,"208":0,"209":0,"210":0,"211":0,"212":0,"213":0,"214":0,"215":0,"216":0,"217":0,"218":0,"219":0,"220":0,"221":0,"222":0,"223":0,"224":1,"225":1,"226":1,"227":1,"228":1,"229":1,"230":0,"231":0,"232":0,"233":1},"f":{"0":0,"1":0,"2":13,"3":0,"4":10,"5":3,"6":0,"7":4,"8":0,"9":15,"10":11,"11":0,"12":0,"13":0,"14":1},"b":{"0":[0,0],"1":[0,0],"2":[13,0],"3":[0,0],"4":[0,0],"5":[0,0],"6":[0,0],"7":[0,0],"8":[0,0],"9":[0,0],"10":[2,1],"11":[0,0],"12":[0,0],"13":[0,0],"14":[0,0],"15":[3,1],"16":[4,3],"17":[0,1],"18":[1,0],"19":[0,1],"20":[5,10],"21":[15,14,13,12],"22":[0,10],"23":[0,10],"24":[0,10],"25":[10,0],"26":[0,10],"27":[0,0],"28":[0,0],"29":[0,0,0],"30":[0,0],"31":[0,10],"32":[0,0],"33":[0,0],"34":[9,2],"35":[11,10,3],"36":[0,2],"37":[1,1],"38":[1,0],"39":[0,0],"40":[0,0],"41":[0,0],"42":[0,0],"43":[0,0],"44":[0,0],"45":[0,0],"46":[0,0],"47":[0,0],"48":[0,0],"49":[0,0],"50":[0,0],"51":[1,0]},"_coverageSchema":"1a1c01bbd47fc00a2c39e90264f33305004495a9","hash":"8d5d2e624e55f14764b4d745c0b2b71bc18877cb"}
,"/srv/workspaces/smarties/solana-concepts-sandbox/api/config.js": {"path":"/srv/workspaces/smarties/solana-concepts-sandbox/api/config.js","statementMap":{"0":{"start":{"line":6,"column":0},"end":{"line":6,"column":27}},"1":{"start":{"line":8,"column":0},"end":{"line":25,"column":2}}},"fnMap":{},"branchMap":{"0":{"loc":{"start":{"line":10,"column":14},"end":{"line":10,"column":54}},"type":"binary-expr","locations":[{"start":{"line":10,"column":14},"end":{"line":10,"column":39}},{"start":{"line":10,"column":43},"end":{"line":10,"column":54}}],"line":10},"1":{"loc":{"start":{"line":11,"column":23},"end":{"line":11,"column":58}},"type":"binary-expr","locations":[{"start":{"line":11,"column":23},"end":{"line":11,"column":48}},{"start":{"line":11,"column":52},"end":{"line":11,"column":58}}],"line":11},"2":{"loc":{"start":{"line":15,"column":10},"end":{"line":15,"column":52}},"type":"binary-expr","locations":[{"start":{"line":15,"column":10},"end":{"line":15,"column":38}},{"start":{"line":15,"column":42},"end":{"line":15,"column":52}}],"line":15},"3":{"loc":{"start":{"line":19,"column":17},"end":{"line":19,"column":70}},"type":"binary-expr","locations":[{"start":{"line":19,"column":17},"end":{"line":19,"column":45}},{"start":{"line":19,"column":49},"end":{"line":19,"column":70}}],"line":19},"4":{"loc":{"start":{"line":23,"column":13},"end":{"line":23,"column":55}},"type":"binary-expr","locations":[{"start":{"line":23,"column":13},"end":{"line":23,"column":38}},{"start":{"line":23,"column":42},"end":{"line":23,"column":55}}],"line":23}},"s":{"0":21,"1":21},"f":{},"b":{"0":[21,21],"1":[21,21],"2":[21,21],"3":[21,21],"4":[21,21]},"_coverageSchema":"1a1c01bbd47fc00a2c39e90264f33305004495a9","hash":"69f65150d725c208ca0faefb2539bd810b86f7a2"}
,"/srv/workspaces/smarties/solana-concepts-sandbox/api/database.js": {"path":"/srv/workspaces/smarties/solana-concepts-sandbox/api/database.js","statementMap":{"0":{"start":{"line":1,"column":17},"end":{"line":1,"column":42}},"1":{"start":{"line":2,"column":13},"end":{"line":2,"column":28}},"2":{"start":{"line":3,"column":11},"end":{"line":3,"column":24}},"3":{"start":{"line":4,"column":25},"end":{"line":4,"column":44}},"4":{"start":{"line":5,"column":12},"end":{"line":5,"column":36}},"5":{"start":{"line":8,"column":19},"end":{"line":8,"column":85}},"6":{"start":{"line":9,"column":15},"end":{"line":9,"column":53}},"7":{"start":{"line":12,"column":0},"end":{"line":27,"column":1}},"8":{"start":{"line":13,"column":27},"end":{"line":13,"column":67}},"9":{"start":{"line":14,"column":2},"end":{"line":16,"column":3}},"10":{"start":{"line":15,"column":4},"end":{"line":15,"column":46}},"11":{"start":{"line":19,"column":2},"end":{"line":26,"column":3}},"12":{"start":{"line":20,"column":4},"end":{"line":25,"column":6}},"13":{"start":{"line":29,"column":11},"end":{"line":29,"column":31}},"14":{"start":{"line":32,"column":0},"end":{"line":32,"column":31}},"15":{"start":{"line":37,"column":2},"end":{"line":56,"column":5}},"16":{"start":{"line":59,"column":2},"end":{"line":81,"column":5}},"17":{"start":{"line":84,"column":2},"end":{"line":111,"column":5}},"18":{"start":{"line":114,"column":2},"end":{"line":132,"column":5}},"19":{"start":{"line":134,"column":2},"end":{"line":134,"column":61}},"20":{"start":{"line":139,"column":2},"end":{"line":147,"column":3}},"21":{"start":{"line":143,"column":4},"end":{"line":143,"column":68}},"22":{"start":{"line":144,"column":4},"end":{"line":144,"column":42}},"23":{"start":{"line":146,"column":4},"end":{"line":146,"column":60}},"24":{"start":{"line":151,"column":14},"end":{"line":305,"column":1}},"25":{"start":{"line":154,"column":98},"end":{"line":154,"column":105}},"26":{"start":{"line":155,"column":16},"end":{"line":155,"column":40}},"27":{"start":{"line":157,"column":17},"end":{"line":160,"column":6}},"28":{"start":{"line":162,"column":4},"end":{"line":162,"column":115}},"29":{"start":{"line":164,"column":4},"end":{"line":164,"column":32}},"30":{"start":{"line":169,"column":17},"end":{"line":169,"column":62}},"31":{"start":{"line":170,"column":4},"end":{"line":170,"column":24}},"32":{"start":{"line":175,"column":17},"end":{"line":175,"column":74}},"33":{"start":{"line":176,"column":4},"end":{"line":176,"column":22}},"34":{"start":{"line":181,"column":17},"end":{"line":181,"column":90}},"35":{"start":{"line":182,"column":4},"end":{"line":182,"column":27}},"36":{"start":{"line":187,"column":16},"end":{"line":187,"column":40}},"37":{"start":{"line":188,"column":26},"end":{"line":188,"column":112}},"38":{"start":{"line":190,"column":22},"end":{"line":193,"column":17}},"39":{"start":{"line":191,"column":21},"end":{"line":191,"column":48}},"40":{"start":{"line":192,"column":18},"end":{"line":192,"column":30}},"41":{"start":{"line":195,"column":4},"end":{"line":197,"column":5}},"42":{"start":{"line":196,"column":6},"end":{"line":196,"column":34}},"43":{"start":{"line":199,"column":19},"end":{"line":201,"column":31}},"44":{"start":{"line":200,"column":21},"end":{"line":200,"column":48}},"45":{"start":{"line":201,"column":18},"end":{"line":201,"column":30}},"46":{"start":{"line":203,"column":17},"end":{"line":207,"column":6}},"47":{"start":{"line":209,"column":4},"end":{"line":209,"column":33}},"48":{"start":{"line":211,"column":4},"end":{"line":211,"column":32}},"49":{"start":{"line":216,"column":17},"end":{"line":216,"column":60}},"50":{"start":{"line":217,"column":19},"end":{"line":217,"column":31}},"51":{"start":{"line":218,"column":4},"end":{"line":218,"column":30}},"52":{"start":{"line":223,"column":17},"end":{"line":223,"column":70}},"53":{"start":{"line":224,"column":4},"end":{"line":224,"column":38}},"54":{"start":{"line":229,"column":17},"end":{"line":229,"column":72}},"55":{"start":{"line":230,"column":4},"end":{"line":230,"column":33}},"56":{"start":{"line":235,"column":16},"end":{"line":235,"column":39}},"57":{"start":{"line":236,"column":4},"end":{"line":238,"column":5}},"58":{"start":{"line":237,"column":6},"end":{"line":237,"column":55}},"59":{"start":{"line":240,"column":4},"end":{"line":242,"column":5}},"60":{"start":{"line":241,"column":6},"end":{"line":241,"column":80}},"61":{"start":{"line":244,"column":4},"end":{"line":244,"column":54}},"62":{"start":{"line":249,"column":16},"end":{"line":249,"column":39}},"63":{"start":{"line":250,"column":4},"end":{"line":252,"column":5}},"64":{"start":{"line":251,"column":6},"end":{"line":251,"column":18}},"65":{"start":{"line":254,"column":4},"end":{"line":260,"column":6}},"66":{"start":{"line":265,"column":16},"end":{"line":265,"column":39}},"67":{"start":{"line":266,"column":4},"end":{"line":268,"column":5}},"68":{"start":{"line":267,"column":6},"end":{"line":267,"column":16}},"69":{"start":{"line":269,"column":5},"end":{"line":274,"column":6}},"70":{"start":{"line":270,"column":7},"end":{"line":270,"column":53}},"71":{"start":{"line":272,"column":7},"end":{"line":272,"column":79}},"72":{"start":{"line":273,"column":7},"end":{"line":273,"column":17}},"73":{"start":{"line":279,"column":16},"end":{"line":279,"column":39}},"74":{"start":{"line":280,"column":4},"end":{"line":282,"column":5}},"75":{"start":{"line":281,"column":6},"end":{"line":281,"column":19}},"76":{"start":{"line":285,"column":4},"end":{"line":287,"column":5}},"77":{"start":{"line":286,"column":6},"end":{"line":286,"column":18}},"78":{"start":{"line":289,"column":4},"end":{"line":303,"column":6}},"79":{"start":{"line":290,"column":29},"end":{"line":290,"column":67}},"80":{"start":{"line":292,"column":6},"end":{"line":299,"column":9}},"81":{"start":{"line":293,"column":8},"end":{"line":297,"column":9}},"82":{"start":{"line":294,"column":10},"end":{"line":294,"column":36}},"83":{"start":{"line":295,"column":15},"end":{"line":297,"column":9}},"84":{"start":{"line":296,"column":10},"end":{"line":296,"column":44}},"85":{"start":{"line":298,"column":8},"end":{"line":298,"column":21}},"86":{"start":{"line":301,"column":7},"end":{"line":301,"column":79}},"87":{"start":{"line":302,"column":7},"end":{"line":302,"column":20}},"88":{"start":{"line":308,"column":22},"end":{"line":380,"column":1}},"89":{"start":{"line":311,"column":148},"end":{"line":311,"column":163}},"90":{"start":{"line":312,"column":16},"end":{"line":312,"column":40}},"91":{"start":{"line":315,"column":16},"end":{"line":315,"column":39}},"92":{"start":{"line":316,"column":4},"end":{"line":318,"column":5}},"93":{"start":{"line":317,"column":6},"end":{"line":317,"column":49}},"94":{"start":{"line":320,"column":17},"end":{"line":323,"column":6}},"95":{"start":{"line":325,"column":4},"end":{"line":325,"column":186}},"96":{"start":{"line":327,"column":4},"end":{"line":327,"column":48}},"97":{"start":{"line":332,"column":17},"end":{"line":332,"column":70}},"98":{"start":{"line":333,"column":4},"end":{"line":333,"column":24}},"99":{"start":{"line":338,"column":17},"end":{"line":338,"column":105}},"100":{"start":{"line":339,"column":4},"end":{"line":339,"column":27}},"101":{"start":{"line":344,"column":17},"end":{"line":344,"column":110}},"102":{"start":{"line":345,"column":4},"end":{"line":345,"column":32}},"103":{"start":{"line":350,"column":24},"end":{"line":350,"column":71}},"104":{"start":{"line":351,"column":4},"end":{"line":353,"column":5}},"105":{"start":{"line":352,"column":6},"end":{"line":352,"column":63}},"106":{"start":{"line":355,"column":4},"end":{"line":357,"column":5}},"107":{"start":{"line":356,"column":6},"end":{"line":356,"column":76}},"108":{"start":{"line":359,"column":16},"end":{"line":359,"column":52}},"109":{"start":{"line":360,"column":4},"end":{"line":362,"column":5}},"110":{"start":{"line":361,"column":6},"end":{"line":361,"column":55}},"111":{"start":{"line":364,"column":4},"end":{"line":364,"column":77}},"112":{"start":{"line":369,"column":4},"end":{"line":371,"column":5}},"113":{"start":{"line":370,"column":6},"end":{"line":370,"column":60}},"114":{"start":{"line":372,"column":4},"end":{"line":372,"column":53}},"115":{"start":{"line":377,"column":17},"end":{"line":377,"column":84}},"116":{"start":{"line":378,"column":4},"end":{"line":378,"column":37}},"117":{"start":{"line":383,"column":24},"end":{"line":483,"column":1}},"118":{"start":{"line":404,"column":8},"end":{"line":404,"column":16}},"119":{"start":{"line":405,"column":16},"end":{"line":405,"column":40}},"120":{"start":{"line":408,"column":16},"end":{"line":408,"column":39}},"121":{"start":{"line":409,"column":4},"end":{"line":411,"column":5}},"122":{"start":{"line":410,"column":6},"end":{"line":410,"column":49}},"123":{"start":{"line":413,"column":17},"end":{"line":420,"column":6}},"124":{"start":{"line":422,"column":4},"end":{"line":427,"column":6}},"125":{"start":{"line":429,"column":4},"end":{"line":429,"column":52}},"126":{"start":{"line":434,"column":17},"end":{"line":434,"column":73}},"127":{"start":{"line":435,"column":4},"end":{"line":435,"column":24}},"128":{"start":{"line":440,"column":17},"end":{"line":440,"column":102}},"129":{"start":{"line":441,"column":4},"end":{"line":441,"column":27}},"130":{"start":{"line":446,"column":17},"end":{"line":446,"column":118}},"131":{"start":{"line":447,"column":4},"end":{"line":447,"column":40}},"132":{"start":{"line":452,"column":17},"end":{"line":452,"column":61}},"133":{"start":{"line":453,"column":4},"end":{"line":453,"column":27}},"134":{"start":{"line":453,"column":15},"end":{"line":453,"column":27}},"135":{"start":{"line":455,"column":23},"end":{"line":463,"column":5}},"136":{"start":{"line":465,"column":4},"end":{"line":465,"column":46}},"137":{"start":{"line":470,"column":17},"end":{"line":470,"column":61}},"138":{"start":{"line":471,"column":4},"end":{"line":471,"column":25}},"139":{"start":{"line":471,"column":15},"end":{"line":471,"column":25}},"140":{"start":{"line":473,"column":4},"end":{"line":481,"column":6}},"141":{"start":{"line":486,"column":24},"end":{"line":556,"column":1}},"142":{"start":{"line":498,"column":8},"end":{"line":498,"column":19}},"143":{"start":{"line":499,"column":16},"end":{"line":499,"column":40}},"144":{"start":{"line":502,"column":17},"end":{"line":502,"column":70}},"145":{"start":{"line":503,"column":4},"end":{"line":505,"column":5}},"146":{"start":{"line":504,"column":6},"end":{"line":504,"column":70}},"147":{"start":{"line":508,"column":16},"end":{"line":508,"column":39}},"148":{"start":{"line":509,"column":4},"end":{"line":511,"column":5}},"149":{"start":{"line":510,"column":6},"end":{"line":510,"column":49}},"150":{"start":{"line":514,"column":4},"end":{"line":516,"column":5}},"151":{"start":{"line":515,"column":6},"end":{"line":515,"column":86}},"152":{"start":{"line":518,"column":17},"end":{"line":523,"column":6}},"153":{"start":{"line":525,"column":4},"end":{"line":528,"column":6}},"154":{"start":{"line":530,"column":4},"end":{"line":530,"column":52}},"155":{"start":{"line":535,"column":17},"end":{"line":535,"column":73}},"156":{"start":{"line":536,"column":4},"end":{"line":536,"column":24}},"157":{"start":{"line":541,"column":17},"end":{"line":541,"column":113}},"158":{"start":{"line":542,"column":4},"end":{"line":542,"column":37}},"159":{"start":{"line":547,"column":17},"end":{"line":547,"column":102}},"160":{"start":{"line":548,"column":4},"end":{"line":548,"column":27}},"161":{"start":{"line":553,"column":17},"end":{"line":553,"column":87}},"162":{"start":{"line":554,"column":4},"end":{"line":554,"column":37}},"163":{"start":{"line":559,"column":21},"end":{"line":649,"column":1}},"164":{"start":{"line":577,"column":16},"end":{"line":577,"column":40}},"165":{"start":{"line":579,"column":17},"end":{"line":586,"column":6}},"166":{"start":{"line":588,"column":4},"end":{"line":593,"column":6}},"167":{"start":{"line":595,"column":4},"end":{"line":595,"column":46}},"168":{"start":{"line":600,"column":17},"end":{"line":600,"column":69}},"169":{"start":{"line":601,"column":16},"end":{"line":601,"column":28}},"170":{"start":{"line":602,"column":4},"end":{"line":605,"column":5}},"171":{"start":{"line":603,"column":6},"end":{"line":603,"column":64}},"172":{"start":{"line":604,"column":6},"end":{"line":604,"column":108}},"173":{"start":{"line":606,"column":4},"end":{"line":606,"column":15}},"174":{"start":{"line":611,"column":17},"end":{"line":611,"column":81}},"175":{"start":{"line":612,"column":16},"end":{"line":612,"column":39}},"176":{"start":{"line":613,"column":4},"end":{"line":616,"column":5}},"177":{"start":{"line":614,"column":6},"end":{"line":614,"column":64}},"178":{"start":{"line":615,"column":6},"end":{"line":615,"column":108}},"179":{"start":{"line":617,"column":4},"end":{"line":617,"column":15}},"180":{"start":{"line":622,"column":17},"end":{"line":622,"column":73}},"181":{"start":{"line":623,"column":16},"end":{"line":623,"column":31}},"182":{"start":{"line":624,"column":4},"end":{"line":627,"column":5}},"183":{"start":{"line":625,"column":6},"end":{"line":625,"column":64}},"184":{"start":{"line":626,"column":6},"end":{"line":626,"column":108}},"185":{"start":{"line":628,"column":4},"end":{"line":628,"column":15}},"186":{"start":{"line":633,"column":17},"end":{"line":633,"column":98}},"187":{"start":{"line":634,"column":17},"end":{"line":634,"column":40}},"188":{"start":{"line":635,"column":4},"end":{"line":641,"column":7}},"189":{"start":{"line":636,"column":6},"end":{"line":639,"column":7}},"190":{"start":{"line":637,"column":8},"end":{"line":637,"column":66}},"191":{"start":{"line":638,"column":8},"end":{"line":638,"column":110}},"192":{"start":{"line":640,"column":6},"end":{"line":640,"column":17}},"193":{"start":{"line":646,"column":17},"end":{"line":646,"column":72}},"194":{"start":{"line":647,"column":4},"end":{"line":647,"column":28}},"195":{"start":{"line":652,"column":16},"end":{"line":698,"column":1}},"196":{"start":{"line":664,"column":16},"end":{"line":664,"column":40}},"197":{"start":{"line":666,"column":17},"end":{"line":671,"column":6}},"198":{"start":{"line":673,"column":4},"end":{"line":676,"column":6}},"199":{"start":{"line":678,"column":4},"end":{"line":678,"column":36}},"200":{"start":{"line":683,"column":17},"end":{"line":683,"column":64}},"201":{"start":{"line":684,"column":4},"end":{"line":684,"column":24}},"202":{"start":{"line":689,"column":17},"end":{"line":689,"column":100}},"203":{"start":{"line":690,"column":4},"end":{"line":690,"column":34}},"204":{"start":{"line":695,"column":17},"end":{"line":695,"column":100}},"205":{"start":{"line":696,"column":4},"end":{"line":696,"column":34}},"206":{"start":{"line":701,"column":24},"end":{"line":750,"column":1}},"207":{"start":{"line":715,"column":16},"end":{"line":715,"column":40}},"208":{"start":{"line":717,"column":17},"end":{"line":722,"column":6}},"209":{"start":{"line":724,"column":4},"end":{"line":728,"column":6}},"210":{"start":{"line":730,"column":4},"end":{"line":730,"column":52}},"211":{"start":{"line":735,"column":17},"end":{"line":735,"column":72}},"212":{"start":{"line":736,"column":4},"end":{"line":736,"column":24}},"213":{"start":{"line":741,"column":17},"end":{"line":741,"column":108}},"214":{"start":{"line":742,"column":4},"end":{"line":742,"column":34}},"215":{"start":{"line":747,"column":17},"end":{"line":747,"column":108}},"216":{"start":{"line":748,"column":4},"end":{"line":748,"column":34}},"217":{"start":{"line":753,"column":0},"end":{"line":753,"column":155}}},"fnMap":{"0":{"name":"initializeDatabase","decl":{"start":{"line":35,"column":9},"end":{"line":35,"column":27}},"loc":{"start":{"line":35,"column":30},"end":{"line":135,"column":1}},"line":35},"1":{"name":"runMigrations","decl":{"start":{"line":138,"column":9},"end":{"line":138,"column":22}},"loc":{"start":{"line":138,"column":25},"end":{"line":148,"column":1}},"line":138},"2":{"name":"(anonymous_2)","decl":{"start":{"line":153,"column":2},"end":{"line":153,"column":3}},"loc":{"start":{"line":153,"column":21},"end":{"line":165,"column":3}},"line":153},"3":{"name":"(anonymous_3)","decl":{"start":{"line":168,"column":2},"end":{"line":168,"column":3}},"loc":{"start":{"line":168,"column":17},"end":{"line":171,"column":3}},"line":168},"4":{"name":"(anonymous_4)","decl":{"start":{"line":174,"column":2},"end":{"line":174,"column":3}},"loc":{"start":{"line":174,"column":15},"end":{"line":177,"column":3}},"line":174},"5":{"name":"(anonymous_5)","decl":{"start":{"line":180,"column":2},"end":{"line":180,"column":3}},"loc":{"start":{"line":180,"column":24},"end":{"line":183,"column":3}},"line":180},"6":{"name":"(anonymous_6)","decl":{"start":{"line":186,"column":2},"end":{"line":186,"column":3}},"loc":{"start":{"line":186,"column":25},"end":{"line":212,"column":3}},"line":186},"7":{"name":"(anonymous_7)","decl":{"start":{"line":191,"column":14},"end":{"line":191,"column":15}},"loc":{"start":{"line":191,"column":21},"end":{"line":191,"column":48}},"line":191},"8":{"name":"(anonymous_8)","decl":{"start":{"line":192,"column":11},"end":{"line":192,"column":12}},"loc":{"start":{"line":192,"column":18},"end":{"line":192,"column":30}},"line":192},"9":{"name":"(anonymous_9)","decl":{"start":{"line":200,"column":14},"end":{"line":200,"column":15}},"loc":{"start":{"line":200,"column":21},"end":{"line":200,"column":48}},"line":200},"10":{"name":"(anonymous_10)","decl":{"start":{"line":201,"column":11},"end":{"line":201,"column":12}},"loc":{"start":{"line":201,"column":18},"end":{"line":201,"column":30}},"line":201},"11":{"name":"(anonymous_11)","decl":{"start":{"line":215,"column":2},"end":{"line":215,"column":3}},"loc":{"start":{"line":215,"column":16},"end":{"line":219,"column":3}},"line":215},"12":{"name":"(anonymous_12)","decl":{"start":{"line":222,"column":2},"end":{"line":222,"column":3}},"loc":{"start":{"line":222,"column":16},"end":{"line":225,"column":3}},"line":222},"13":{"name":"(anonymous_13)","decl":{"start":{"line":228,"column":2},"end":{"line":228,"column":3}},"loc":{"start":{"line":228,"column":28},"end":{"line":231,"column":3}},"line":228},"14":{"name":"(anonymous_14)","decl":{"start":{"line":234,"column":2},"end":{"line":234,"column":3}},"loc":{"start":{"line":234,"column":34},"end":{"line":245,"column":3}},"line":234},"15":{"name":"(anonymous_15)","decl":{"start":{"line":248,"column":2},"end":{"line":248,"column":3}},"loc":{"start":{"line":248,"column":24},"end":{"line":261,"column":3}},"line":248},"16":{"name":"(anonymous_16)","decl":{"start":{"line":264,"column":2},"end":{"line":264,"column":3}},"loc":{"start":{"line":264,"column":27},"end":{"line":275,"column":3}},"line":264},"17":{"name":"(anonymous_17)","decl":{"start":{"line":278,"column":2},"end":{"line":278,"column":3}},"loc":{"start":{"line":278,"column":43},"end":{"line":304,"column":3}},"line":278},"18":{"name":"(anonymous_18)","decl":{"start":{"line":292,"column":33},"end":{"line":292,"column":34}},"loc":{"start":{"line":292,"column":40},"end":{"line":299,"column":7}},"line":292},"19":{"name":"(anonymous_19)","decl":{"start":{"line":310,"column":2},"end":{"line":310,"column":3}},"loc":{"start":{"line":310,"column":37},"end":{"line":328,"column":3}},"line":310},"20":{"name":"(anonymous_20)","decl":{"start":{"line":331,"column":2},"end":{"line":331,"column":3}},"loc":{"start":{"line":331,"column":25},"end":{"line":334,"column":3}},"line":331},"21":{"name":"(anonymous_21)","decl":{"start":{"line":337,"column":2},"end":{"line":337,"column":3}},"loc":{"start":{"line":337,"column":32},"end":{"line":340,"column":3}},"line":337},"22":{"name":"(anonymous_22)","decl":{"start":{"line":343,"column":2},"end":{"line":343,"column":3}},"loc":{"start":{"line":343,"column":35},"end":{"line":346,"column":3}},"line":343},"23":{"name":"(anonymous_23)","decl":{"start":{"line":349,"column":2},"end":{"line":349,"column":3}},"loc":{"start":{"line":349,"column":53},"end":{"line":365,"column":3}},"line":349},"24":{"name":"(anonymous_24)","decl":{"start":{"line":368,"column":2},"end":{"line":368,"column":3}},"loc":{"start":{"line":368,"column":56},"end":{"line":373,"column":3}},"line":368},"25":{"name":"(anonymous_25)","decl":{"start":{"line":376,"column":2},"end":{"line":376,"column":3}},"loc":{"start":{"line":376,"column":51},"end":{"line":379,"column":3}},"line":376},"26":{"name":"(anonymous_26)","decl":{"start":{"line":385,"column":2},"end":{"line":385,"column":3}},"loc":{"start":{"line":385,"column":32},"end":{"line":430,"column":3}},"line":385},"27":{"name":"(anonymous_27)","decl":{"start":{"line":433,"column":2},"end":{"line":433,"column":3}},"loc":{"start":{"line":433,"column":27},"end":{"line":436,"column":3}},"line":433},"28":{"name":"(anonymous_28)","decl":{"start":{"line":439,"column":2},"end":{"line":439,"column":3}},"loc":{"start":{"line":439,"column":34},"end":{"line":442,"column":3}},"line":439},"29":{"name":"(anonymous_29)","decl":{"start":{"line":445,"column":2},"end":{"line":445,"column":3}},"loc":{"start":{"line":445,"column":53},"end":{"line":448,"column":3}},"line":445},"30":{"name":"(anonymous_30)","decl":{"start":{"line":451,"column":2},"end":{"line":451,"column":3}},"loc":{"start":{"line":451,"column":41},"end":{"line":466,"column":3}},"line":451},"31":{"name":"(anonymous_31)","decl":{"start":{"line":469,"column":2},"end":{"line":469,"column":3}},"loc":{"start":{"line":469,"column":28},"end":{"line":482,"column":3}},"line":469},"32":{"name":"(anonymous_32)","decl":{"start":{"line":488,"column":2},"end":{"line":488,"column":3}},"loc":{"start":{"line":488,"column":35},"end":{"line":531,"column":3}},"line":488},"33":{"name":"(anonymous_33)","decl":{"start":{"line":534,"column":2},"end":{"line":534,"column":3}},"loc":{"start":{"line":534,"column":27},"end":{"line":537,"column":3}},"line":534},"34":{"name":"(anonymous_34)","decl":{"start":{"line":540,"column":2},"end":{"line":540,"column":3}},"loc":{"start":{"line":540,"column":45},"end":{"line":543,"column":3}},"line":540},"35":{"name":"(anonymous_35)","decl":{"start":{"line":546,"column":2},"end":{"line":546,"column":3}},"loc":{"start":{"line":546,"column":34},"end":{"line":549,"column":3}},"line":546},"36":{"name":"(anonymous_36)","decl":{"start":{"line":552,"column":2},"end":{"line":552,"column":3}},"loc":{"start":{"line":552,"column":53},"end":{"line":555,"column":3}},"line":552},"37":{"name":"(anonymous_37)","decl":{"start":{"line":561,"column":2},"end":{"line":561,"column":3}},"loc":{"start":{"line":576,"column":5},"end":{"line":596,"column":3}},"line":576},"38":{"name":"(anonymous_38)","decl":{"start":{"line":599,"column":2},"end":{"line":599,"column":3}},"loc":{"start":{"line":599,"column":24},"end":{"line":607,"column":3}},"line":599},"39":{"name":"(anonymous_39)","decl":{"start":{"line":610,"column":2},"end":{"line":610,"column":3}},"loc":{"start":{"line":610,"column":39},"end":{"line":618,"column":3}},"line":610},"40":{"name":"(anonymous_40)","decl":{"start":{"line":621,"column":2},"end":{"line":621,"column":3}},"loc":{"start":{"line":621,"column":30},"end":{"line":629,"column":3}},"line":621},"41":{"name":"(anonymous_41)","decl":{"start":{"line":632,"column":2},"end":{"line":632,"column":3}},"loc":{"start":{"line":632,"column":44},"end":{"line":642,"column":3}},"line":632},"42":{"name":"(anonymous_42)","decl":{"start":{"line":635,"column":20},"end":{"line":635,"column":21}},"loc":{"start":{"line":635,"column":27},"end":{"line":641,"column":5}},"line":635},"43":{"name":"(anonymous_43)","decl":{"start":{"line":645,"column":2},"end":{"line":645,"column":3}},"loc":{"start":{"line":645,"column":23},"end":{"line":648,"column":3}},"line":645},"44":{"name":"(anonymous_44)","decl":{"start":{"line":654,"column":2},"end":{"line":654,"column":3}},"loc":{"start":{"line":663,"column":5},"end":{"line":679,"column":3}},"line":663},"45":{"name":"(anonymous_45)","decl":{"start":{"line":682,"column":2},"end":{"line":682,"column":3}},"loc":{"start":{"line":682,"column":19},"end":{"line":685,"column":3}},"line":682},"46":{"name":"(anonymous_46)","decl":{"start":{"line":688,"column":2},"end":{"line":688,"column":3}},"loc":{"start":{"line":688,"column":40},"end":{"line":691,"column":3}},"line":688},"47":{"name":"(anonymous_47)","decl":{"start":{"line":694,"column":2},"end":{"line":694,"column":3}},"loc":{"start":{"line":694,"column":34},"end":{"line":697,"column":3}},"line":694},"48":{"name":"(anonymous_48)","decl":{"start":{"line":703,"column":2},"end":{"line":703,"column":3}},"loc":{"start":{"line":714,"column":5},"end":{"line":731,"column":3}},"line":714},"49":{"name":"(anonymous_49)","decl":{"start":{"line":734,"column":2},"end":{"line":734,"column":3}},"loc":{"start":{"line":734,"column":27},"end":{"line":737,"column":3}},"line":734},"50":{"name":"(anonymous_50)","decl":{"start":{"line":740,"column":2},"end":{"line":740,"column":3}},"loc":{"start":{"line":740,"column":48},"end":{"line":743,"column":3}},"line":740},"51":{"name":"(anonymous_51)","decl":{"start":{"line":746,"column":2},"end":{"line":746,"column":3}},"loc":{"start":{"line":746,"column":42},"end":{"line":749,"column":3}},"line":746}},"branchMap":{"0":{"loc":{"start":{"line":8,"column":19},"end":{"line":8,"column":85}},"type":"cond-expr","locations":[{"start":{"line":8,"column":53},"end":{"line":8,"column":70}},{"start":{"line":8,"column":73},"end":{"line":8,"column":85}}],"line":8},"1":{"loc":{"start":{"line":12,"column":0},"end":{"line":27,"column":1}},"type":"if","locations":[{"start":{"line":12,"column":0},"end":{"line":27,"column":1}},{"start":{"line":17,"column":7},"end":{"line":27,"column":1}}],"line":12},"2":{"loc":{"start":{"line":14,"column":2},"end":{"line":16,"column":3}},"type":"if","locations":[{"start":{"line":14,"column":2},"end":{"line":16,"column":3}},{"start":{},"end":{}}],"line":14},"3":{"loc":{"start":{"line":14,"column":6},"end":{"line":14,"column":63}},"type":"binary-expr","locations":[{"start":{"line":14,"column":6},"end":{"line":14,"column":28}},{"start":{"line":14,"column":32},"end":{"line":14,"column":63}}],"line":14},"4":{"loc":{"start":{"line":19,"column":2},"end":{"line":26,"column":3}},"type":"if","locations":[{"start":{"line":19,"column":2},"end":{"line":26,"column":3}},{"start":{},"end":{}}],"line":19},"5":{"loc":{"start":{"line":162,"column":51},"end":{"line":162,"column":76}},"type":"binary-expr","locations":[{"start":{"line":162,"column":51},"end":{"line":162,"column":67}},{"start":{"line":162,"column":71},"end":{"line":162,"column":76}}],"line":162},"6":{"loc":{"start":{"line":195,"column":4},"end":{"line":197,"column":5}},"type":"if","locations":[{"start":{"line":195,"column":4},"end":{"line":197,"column":5}},{"start":{},"end":{}}],"line":195},"7":{"loc":{"start":{"line":236,"column":4},"end":{"line":238,"column":5}},"type":"if","locations":[{"start":{"line":236,"column":4},"end":{"line":238,"column":5}},{"start":{},"end":{}}],"line":236},"8":{"loc":{"start":{"line":240,"column":4},"end":{"line":242,"column":5}},"type":"if","locations":[{"start":{"line":240,"column":4},"end":{"line":242,"column":5}},{"start":{},"end":{}}],"line":240},"9":{"loc":{"start":{"line":240,"column":8},"end":{"line":240,"column":70}},"type":"binary-expr","locations":[{"start":{"line":240,"column":8},"end":{"line":240,"column":43}},{"start":{"line":240,"column":47},"end":{"line":240,"column":70}}],"line":240},"10":{"loc":{"start":{"line":250,"column":4},"end":{"line":252,"column":5}},"type":"if","locations":[{"start":{"line":250,"column":4},"end":{"line":252,"column":5}},{"start":{},"end":{}}],"line":250},"11":{"loc":{"start":{"line":266,"column":4},"end":{"line":268,"column":5}},"type":"if","locations":[{"start":{"line":266,"column":4},"end":{"line":268,"column":5}},{"start":{},"end":{}}],"line":266},"12":{"loc":{"start":{"line":270,"column":25},"end":{"line":270,"column":51}},"type":"binary-expr","locations":[{"start":{"line":270,"column":25},"end":{"line":270,"column":43}},{"start":{"line":270,"column":47},"end":{"line":270,"column":51}}],"line":270},"13":{"loc":{"start":{"line":280,"column":4},"end":{"line":282,"column":5}},"type":"if","locations":[{"start":{"line":280,"column":4},"end":{"line":282,"column":5}},{"start":{},"end":{}}],"line":280},"14":{"loc":{"start":{"line":285,"column":4},"end":{"line":287,"column":5}},"type":"if","locations":[{"start":{"line":285,"column":4},"end":{"line":287,"column":5}},{"start":{},"end":{}}],"line":285},"15":{"loc":{"start":{"line":290,"column":40},"end":{"line":290,"column":66}},"type":"binary-expr","locations":[{"start":{"line":290,"column":40},"end":{"line":290,"column":58}},{"start":{"line":290,"column":62},"end":{"line":290,"column":66}}],"line":290},"16":{"loc":{"start":{"line":293,"column":8},"end":{"line":297,"column":9}},"type":"if","locations":[{"start":{"line":293,"column":8},"end":{"line":297,"column":9}},{"start":{"line":295,"column":15},"end":{"line":297,"column":9}}],"line":293},"17":{"loc":{"start":{"line":295,"column":15},"end":{"line":297,"column":9}},"type":"if","locations":[{"start":{"line":295,"column":15},"end":{"line":297,"column":9}},{"start":{},"end":{}}],"line":295},"18":{"loc":{"start":{"line":295,"column":19},"end":{"line":295,"column":57}},"type":"binary-expr","locations":[{"start":{"line":295,"column":19},"end":{"line":295,"column":42}},{"start":{"line":295,"column":46},"end":{"line":295,"column":57}}],"line":295},"19":{"loc":{"start":{"line":316,"column":4},"end":{"line":318,"column":5}},"type":"if","locations":[{"start":{"line":316,"column":4},"end":{"line":318,"column":5}},{"start":{},"end":{}}],"line":316},"20":{"loc":{"start":{"line":325,"column":66},"end":{"line":325,"column":99}},"type":"binary-expr","locations":[{"start":{"line":325,"column":66},"end":{"line":325,"column":85}},{"start":{"line":325,"column":89},"end":{"line":325,"column":99}}],"line":325},"21":{"loc":{"start":{"line":325,"column":121},"end":{"line":325,"column":149}},"type":"binary-expr","locations":[{"start":{"line":325,"column":121},"end":{"line":325,"column":141}},{"start":{"line":325,"column":145},"end":{"line":325,"column":149}}],"line":325},"22":{"loc":{"start":{"line":325,"column":151},"end":{"line":325,"column":174}},"type":"binary-expr","locations":[{"start":{"line":325,"column":151},"end":{"line":325,"column":166}},{"start":{"line":325,"column":170},"end":{"line":325,"column":174}}],"line":325},"23":{"loc":{"start":{"line":351,"column":4},"end":{"line":353,"column":5}},"type":"if","locations":[{"start":{"line":351,"column":4},"end":{"line":353,"column":5}},{"start":{},"end":{}}],"line":351},"24":{"loc":{"start":{"line":355,"column":4},"end":{"line":357,"column":5}},"type":"if","locations":[{"start":{"line":355,"column":4},"end":{"line":357,"column":5}},{"start":{},"end":{}}],"line":355},"25":{"loc":{"start":{"line":360,"column":4},"end":{"line":362,"column":5}},"type":"if","locations":[{"start":{"line":360,"column":4},"end":{"line":362,"column":5}},{"start":{},"end":{}}],"line":360},"26":{"loc":{"start":{"line":369,"column":4},"end":{"line":371,"column":5}},"type":"if","locations":[{"start":{"line":369,"column":4},"end":{"line":371,"column":5}},{"start":{},"end":{}}],"line":369},"27":{"loc":{"start":{"line":409,"column":4},"end":{"line":411,"column":5}},"type":"if","locations":[{"start":{"line":409,"column":4},"end":{"line":411,"column":5}},{"start":{},"end":{}}],"line":409},"28":{"loc":{"start":{"line":425,"column":52},"end":{"line":425,"column":81}},"type":"binary-expr","locations":[{"start":{"line":425,"column":52},"end":{"line":425,"column":73}},{"start":{"line":425,"column":77},"end":{"line":425,"column":81}}],"line":425},"29":{"loc":{"start":{"line":426,"column":19},"end":{"line":426,"column":47}},"type":"binary-expr","locations":[{"start":{"line":426,"column":19},"end":{"line":426,"column":39}},{"start":{"line":426,"column":43},"end":{"line":426,"column":47}}],"line":426},"30":{"loc":{"start":{"line":426,"column":49},"end":{"line":426,"column":72}},"type":"binary-expr","locations":[{"start":{"line":426,"column":49},"end":{"line":426,"column":64}},{"start":{"line":426,"column":68},"end":{"line":426,"column":72}}],"line":426},"31":{"loc":{"start":{"line":453,"column":4},"end":{"line":453,"column":27}},"type":"if","locations":[{"start":{"line":453,"column":4},"end":{"line":453,"column":27}},{"start":{},"end":{}}],"line":453},"32":{"loc":{"start":{"line":465,"column":11},"end":{"line":465,"column":45}},"type":"binary-expr","locations":[{"start":{"line":465,"column":11},"end":{"line":465,"column":37}},{"start":{"line":465,"column":41},"end":{"line":465,"column":45}}],"line":465},"33":{"loc":{"start":{"line":471,"column":4},"end":{"line":471,"column":25}},"type":"if","locations":[{"start":{"line":471,"column":4},"end":{"line":471,"column":25}},{"start":{},"end":{}}],"line":471},"34":{"loc":{"start":{"line":503,"column":4},"end":{"line":505,"column":5}},"type":"if","locations":[{"start":{"line":503,"column":4},"end":{"line":505,"column":5}},{"start":{},"end":{}}],"line":503},"35":{"loc":{"start":{"line":509,"column":4},"end":{"line":511,"column":5}},"type":"if","locations":[{"start":{"line":509,"column":4},"end":{"line":511,"column":5}},{"start":{},"end":{}}],"line":509},"36":{"loc":{"start":{"line":514,"column":4},"end":{"line":516,"column":5}},"type":"if","locations":[{"start":{"line":514,"column":4},"end":{"line":516,"column":5}},{"start":{},"end":{}}],"line":514},"37":{"loc":{"start":{"line":527,"column":6},"end":{"line":527,"column":34}},"type":"binary-expr","locations":[{"start":{"line":527,"column":6},"end":{"line":527,"column":26}},{"start":{"line":527,"column":30},"end":{"line":527,"column":34}}],"line":527},"38":{"loc":{"start":{"line":527,"column":36},"end":{"line":527,"column":59}},"type":"binary-expr","locations":[{"start":{"line":527,"column":36},"end":{"line":527,"column":51}},{"start":{"line":527,"column":55},"end":{"line":527,"column":59}}],"line":527},"39":{"loc":{"start":{"line":527,"column":61},"end":{"line":527,"column":79}},"type":"binary-expr","locations":[{"start":{"line":527,"column":61},"end":{"line":527,"column":71}},{"start":{"line":527,"column":75},"end":{"line":527,"column":79}}],"line":527},"40":{"loc":{"start":{"line":590,"column":47},"end":{"line":590,"column":76}},"type":"binary-expr","locations":[{"start":{"line":590,"column":47},"end":{"line":590,"column":68}},{"start":{"line":590,"column":72},"end":{"line":590,"column":76}}],"line":590},"41":{"loc":{"start":{"line":591,"column":6},"end":{"line":591,"column":29}},"type":"binary-expr","locations":[{"start":{"line":591,"column":6},"end":{"line":591,"column":21}},{"start":{"line":591,"column":25},"end":{"line":591,"column":29}}],"line":591},"42":{"loc":{"start":{"line":591,"column":31},"end":{"line":591,"column":50}},"type":"binary-expr","locations":[{"start":{"line":591,"column":31},"end":{"line":591,"column":42}},{"start":{"line":591,"column":46},"end":{"line":591,"column":50}}],"line":591},"43":{"loc":{"start":{"line":592,"column":6},"end":{"line":592,"column":34}},"type":"binary-expr","locations":[{"start":{"line":592,"column":6},"end":{"line":592,"column":26}},{"start":{"line":592,"column":30},"end":{"line":592,"column":34}}],"line":592},"44":{"loc":{"start":{"line":592,"column":36},"end":{"line":592,"column":59}},"type":"binary-expr","locations":[{"start":{"line":592,"column":36},"end":{"line":592,"column":51}},{"start":{"line":592,"column":55},"end":{"line":592,"column":59}}],"line":592},"45":{"loc":{"start":{"line":602,"column":4},"end":{"line":605,"column":5}},"type":"if","locations":[{"start":{"line":602,"column":4},"end":{"line":605,"column":5}},{"start":{},"end":{}}],"line":602},"46":{"loc":{"start":{"line":602,"column":8},"end":{"line":602,"column":36}},"type":"binary-expr","locations":[{"start":{"line":602,"column":8},"end":{"line":602,"column":11}},{"start":{"line":602,"column":15},"end":{"line":602,"column":36}}],"line":602},"47":{"loc":{"start":{"line":604,"column":35},"end":{"line":604,"column":107}},"type":"cond-expr","locations":[{"start":{"line":604,"column":64},"end":{"line":604,"column":102}},{"start":{"line":604,"column":105},"end":{"line":604,"column":107}}],"line":604},"48":{"loc":{"start":{"line":613,"column":4},"end":{"line":616,"column":5}},"type":"if","locations":[{"start":{"line":613,"column":4},"end":{"line":616,"column":5}},{"start":{},"end":{}}],"line":613},"49":{"loc":{"start":{"line":613,"column":8},"end":{"line":613,"column":36}},"type":"binary-expr","locations":[{"start":{"line":613,"column":8},"end":{"line":613,"column":11}},{"start":{"line":613,"column":15},"end":{"line":613,"column":36}}],"line":613},"50":{"loc":{"start":{"line":615,"column":35},"end":{"line":615,"column":107}},"type":"cond-expr","locations":[{"start":{"line":615,"column":64},"end":{"line":615,"column":102}},{"start":{"line":615,"column":105},"end":{"line":615,"column":107}}],"line":615},"51":{"loc":{"start":{"line":624,"column":4},"end":{"line":627,"column":5}},"type":"if","locations":[{"start":{"line":624,"column":4},"end":{"line":627,"column":5}},{"start":{},"end":{}}],"line":624},"52":{"loc":{"start":{"line":624,"column":8},"end":{"line":624,"column":36}},"type":"binary-expr","locations":[{"start":{"line":624,"column":8},"end":{"line":624,"column":11}},{"start":{"line":624,"column":15},"end":{"line":624,"column":36}}],"line":624},"53":{"loc":{"start":{"line":626,"column":35},"end":{"line":626,"column":107}},"type":"cond-expr","locations":[{"start":{"line":626,"column":64},"end":{"line":626,"column":102}},{"start":{"line":626,"column":105},"end":{"line":626,"column":107}}],"line":626},"54":{"loc":{"start":{"line":632,"column":20},"end":{"line":632,"column":30}},"type":"default-arg","locations":[{"start":{"line":632,"column":28},"end":{"line":632,"column":30}}],"line":632},"55":{"loc":{"start":{"line":632,"column":32},"end":{"line":632,"column":42}},"type":"default-arg","locations":[{"start":{"line":632,"column":41},"end":{"line":632,"column":42}}],"line":632},"56":{"loc":{"start":{"line":636,"column":6},"end":{"line":639,"column":7}},"type":"if","locations":[{"start":{"line":636,"column":6},"end":{"line":639,"column":7}},{"start":{},"end":{}}],"line":636},"57":{"loc":{"start":{"line":638,"column":37},"end":{"line":638,"column":109}},"type":"cond-expr","locations":[{"start":{"line":638,"column":66},"end":{"line":638,"column":104}},{"start":{"line":638,"column":107},"end":{"line":638,"column":109}}],"line":638},"58":{"loc":{"start":{"line":675,"column":6},"end":{"line":675,"column":25}},"type":"binary-expr","locations":[{"start":{"line":675,"column":6},"end":{"line":675,"column":17}},{"start":{"line":675,"column":21},"end":{"line":675,"column":25}}],"line":675},"59":{"loc":{"start":{"line":675,"column":27},"end":{"line":675,"column":55}},"type":"binary-expr","locations":[{"start":{"line":675,"column":27},"end":{"line":675,"column":47}},{"start":{"line":675,"column":51},"end":{"line":675,"column":55}}],"line":675},"60":{"loc":{"start":{"line":675,"column":57},"end":{"line":675,"column":80}},"type":"binary-expr","locations":[{"start":{"line":675,"column":57},"end":{"line":675,"column":72}},{"start":{"line":675,"column":76},"end":{"line":675,"column":80}}],"line":675},"61":{"loc":{"start":{"line":725,"column":38},"end":{"line":725,"column":63}},"type":"binary-expr","locations":[{"start":{"line":725,"column":38},"end":{"line":725,"column":55}},{"start":{"line":725,"column":59},"end":{"line":725,"column":63}}],"line":725},"62":{"loc":{"start":{"line":726,"column":6},"end":{"line":726,"column":22}},"type":"binary-expr","locations":[{"start":{"line":726,"column":6},"end":{"line":726,"column":14}},{"start":{"line":726,"column":18},"end":{"line":726,"column":22}}],"line":726},"63":{"loc":{"start":{"line":726,"column":24},"end":{"line":726,"column":40}},"type":"binary-expr","locations":[{"start":{"line":726,"column":24},"end":{"line":726,"column":32}},{"start":{"line":726,"column":36},"end":{"line":726,"column":40}}],"line":726},"64":{"loc":{"start":{"line":727,"column":6},"end":{"line":727,"column":34}},"type":"binary-expr","locations":[{"start":{"line":727,"column":6},"end":{"line":727,"column":26}},{"start":{"line":727,"column":30},"end":{"line":727,"column":34}}],"line":727},"65":{"loc":{"start":{"line":727,"column":36},"end":{"line":727,"column":59}},"type":"binary-expr","locations":[{"start":{"line":727,"column":36},"end":{"line":727,"column":51}},{"start":{"line":727,"column":55},"end":{"line":727,"column":59}}],"line":727}},"s":{"0":16,"1":16,"2":16,"3":16,"4":16,"5":16,"6":16,"7":16,"8":16,"9":16,"10":0,"11":0,"12":0,"13":16,"14":16,"15":0,"16":0,"17":0,"18":0,"19":0,"20":0,"21":0,"22":0,"23":0,"24":16,"25":17,"26":17,"27":17,"28":17,"29":17,"30":80,"31":80,"32":0,"33":0,"34":0,"35":0,"36":0,"37":0,"38":0,"39":0,"40":0,"41":0,"42":0,"43":0,"44":0,"45":0,"46":0,"47":0,"48":0,"49":0,"50":0,"51":0,"52":0,"53":0,"54":0,"55":0,"56":4,"57":4,"58":1,"59":3,"60":1,"61":2,"62":2,"63":2,"64":1,"65":1,"66":0,"67":0,"68":0,"69":0,"70":0,"71":0,"72":0,"73":0,"74":0,"75":0,"76":0,"77":0,"78":0,"79":0,"80":0,"81":0,"82":0,"83":0,"84":0,"85":0,"86":0,"87":0,"88":16,"89":0,"90":0,"91":0,"92":0,"93":0,"94":0,"95":0,"96":0,"97":0,"98":0,"99":0,"100":0,"101":0,"102":0,"103":0,"104":0,"105":0,"106":0,"107":0,"108":0,"109":0,"110":0,"111":0,"112":0,"113":0,"114":0,"115":0,"116":0,"117":16,"118":28,"119":28,"120":28,"121":28,"122":1,"123":27,"124":27,"125":27,"126":61,"127":61,"128":10,"129":10,"130":0,"131":0,"132":3,"133":3,"134":0,"135":3,"136":3,"137":1,"138":1,"139":0,"140":1,"141":16,"142":13,"143":13,"144":13,"145":13,"146":1,"147":12,"148":12,"149":0,"150":12,"151":1,"152":11,"153":11,"154":11,"155":12,"156":12,"157":6,"158":6,"159":4,"160":4,"161":1,"162":1,"163":16,"164":24,"165":24,"166":24,"167":22,"168":37,"169":37,"170":37,"171":32,"172":32,"173":37,"174":1,"175":1,"176":1,"177":1,"178":1,"179":1,"180":3,"181":3,"182":3,"183":2,"184":2,"185":3,"186":5,"187":5,"188":5,"189":1075,"190":1075,"191":1075,"192":1075,"193":5,"194":5,"195":16,"196":10,"197":10,"198":10,"199":10,"200":11,"201":11,"202":6,"203":6,"204":1,"205":1,"206":16,"207":7,"208":7,"209":7,"210":7,"211":8,"212":8,"213":3,"214":3,"215":1,"216":1,"217":16},"f":{"0":0,"1":0,"2":17,"3":80,"4":0,"5":0,"6":0,"7":0,"8":0,"9":0,"10":0,"11":0,"12":0,"13":0,"14":4,"15":2,"16":0,"17":0,"18":0,"19":0,"20":0,"21":0,"22":0,"23":0,"24":0,"25":0,"26":28,"27":61,"28":10,"29":0,"30":3,"31":1,"32":13,"33":12,"34":6,"35":4,"36":1,"37":24,"38":37,"39":1,"40":3,"41":5,"42":1075,"43":5,"44":10,"45":11,"46":6,"47":1,"48":7,"49":8,"50":3,"51":1},"b":{"0":[16,0],"1":[16,0],"2":[0,16],"3":[16,0],"4":[0,0],"5":[17,0],"6":[0,0],"7":[1,3],"8":[1,2],"9":[3,2],"10":[1,1],"11":[0,0],"12":[0,0],"13":[0,0],"14":[0,0],"15":[0,0],"16":[0,0],"17":[0,0],"18":[0,0],"19":[0,0],"20":[0,0],"21":[0,0],"22":[0,0],"23":[0,0],"24":[0,0],"25":[0,0],"26":[0,0],"27":[1,27],"28":[27,26],"29":[27,0],"30":[27,0],"31":[0,3],"32":[3,0],"33":[0,1],"34":[1,12],"35":[0,12],"36":[1,11],"37":[11,0],"38":[11,0],"39":[11,7],"40":[24,0],"41":[24,0],"42":[24,0],"43":[24,0],"44":[24,0],"45":[32,5],"46":[37,32],"47":[32,0],"48":[1,0],"49":[1,1],"50":[1,0],"51":[2,1],"52":[3,2],"53":[2,0],"54":[0],"55":[0],"56":[1075,0],"57":[1075,0],"58":[10,5],"59":[10,5],"60":[10,5],"61":[7,6],"62":[7,5],"63":[7,5],"64":[7,5],"65":[7,5]},"_coverageSchema":"1a1c01bbd47fc00a2c39e90264f33305004495a9","hash":"8f32e252064a3be3896435f6d801b8b16b2d63b1"}
[...]
":230,"column":35}},"loc":{"start":{"line":230,"column":55},"end":{"line":278,"column":1}},"line":230},"9":{"name":"(anonymous_9)","decl":{"start":{"line":251,"column":28},"end":{"line":251,"column":29}},"loc":{"start":{"line":251,"column":39},"end":{"line":251,"column":72}},"line":251},"10":{"name":"(anonymous_10)","decl":{"start":{"line":257,"column":28},"end":{"line":257,"column":29}},"loc":{"start":{"line":257,"column":39},"end":{"line":257,"column":72}},"line":257}},"branchMap":{"0":{"loc":{"start":{"line":18,"column":2},"end":{"line":18,"column":33}},"type":"if","locations":[{"start":{"line":18,"column":2},"end":{"line":18,"column":33}},{"start":{},"end":{}}],"line":18},"1":{"loc":{"start":{"line":20,"column":9},"end":{"line":20,"column":51}},"type":"cond-expr","locations":[{"start":{"line":20,"column":28},"end":{"line":20,"column":36}},{"start":{"line":20,"column":39},"end":{"line":20,"column":51}}],"line":20},"2":{"loc":{"start":{"line":31,"column":16},"end":{"line":31,"column":40}},"type":"binary-expr","locations":[{"start":{"line":31,"column":16},"end":{"line":31,"column":26}},{"start":{"line":31,"column":30},"end":{"line":31,"column":40}}],"line":31},"3":{"loc":{"start":{"line":78,"column":4},"end":{"line":86,"column":5}},"type":"if","locations":[{"start":{"line":78,"column":4},"end":{"line":86,"column":5}},{"start":{},"end":{}}],"line":78},"4":{"loc":{"start":{"line":82,"column":6},"end":{"line":85,"column":7}},"type":"if","locations":[{"start":{"line":82,"column":6},"end":{"line":85,"column":7}},{"start":{},"end":{}}],"line":82},"5":{"loc":{"start":{"line":82,"column":10},"end":{"line":82,"column":45}},"type":"binary-expr","locations":[{"start":{"line":82,"column":10},"end":{"line":82,"column":14}},{"start":{"line":82,"column":18},"end":{"line":82,"column":45}}],"line":82},"6":{"loc":{"start":{"line":92,"column":4},"end":{"line":96,"column":5}},"type":"if","locations":[{"start":{"line":92,"column":4},"end":{"line":96,"column":5}},{"start":{},"end":{}}],"line":92},"7":{"loc":{"start":{"line":113,"column":4},"end":{"line":129,"column":5}},"type":"if","locations":[{"start":{"line":113,"column":4},"end":{"line":129,"column":5}},{"start":{},"end":{}}],"line":113},"8":{"loc":{"start":{"line":113,"column":8},"end":{"line":113,"column":67}},"type":"binary-expr","locations":[{"start":{"line":113,"column":8},"end":{"line":113,"column":27}},{"start":{"line":113,"column":31},"end":{"line":113,"column":67}}],"line":113},"9":{"loc":{"start":{"line":114,"column":6},"end":{"line":128,"column":7}},"type":"if","locations":[{"start":{"line":114,"column":6},"end":{"line":128,"column":7}},{"start":{},"end":{}}],"line":114},"10":{"loc":{"start":{"line":117,"column":8},"end":{"line":127,"column":9}},"type":"if","locations":[{"start":{"line":117,"column":8},"end":{"line":127,"column":9}},{"start":{},"end":{}}],"line":117},"11":{"loc":{"start":{"line":119,"column":26},"end":{"line":119,"column":116}},"type":"binary-expr","locations":[{"start":{"line":119,"column":26},"end":{"line":119,"column":69}},{"start":{"line":119,"column":73},"end":{"line":119,"column":110}},{"start":{"line":119,"column":114},"end":{"line":119,"column":116}}],"line":119},"12":{"loc":{"start":{"line":131,"column":4},"end":{"line":141,"column":5}},"type":"if","locations":[{"start":{"line":131,"column":4},"end":{"line":141,"column":5}},{"start":{},"end":{}}],"line":131},"13":{"loc":{"start":{"line":133,"column":22},"end":{"line":133,"column":112}},"type":"binary-expr","locations":[{"start":{"line":133,"column":22},"end":{"line":133,"column":65}},{"start":{"line":133,"column":69},"end":{"line":133,"column":106}},{"start":{"line":133,"column":110},"end":{"line":133,"column":112}}],"line":133},"14":{"loc":{"start":{"line":188,"column":4},"end":{"line":190,"column":5}},"type":"if","locations":[{"start":{"line":188,"column":4},"end":{"line":190,"column":5}},{"start":{},"end":{}}],"line":188},"15":{"loc":{"start":{"line":193,"column":27},"end":{"line":193,"column":99}},"type":"binary-expr","locations":[{"start":{"line":193,"column":27},"end":{"line":193,"column":61}},{"start":{"line":193,"column":65},"end":{"line":193,"column":93}},{"start":{"line":193,"column":97},"end":{"line":193,"column":99}}],"line":193},"16":{"loc":{"start":{"line":194,"column":4},"end":{"line":196,"column":5}},"type":"if","locations":[{"start":{"line":194,"column":4},"end":{"line":196,"column":5}},{"start":{},"end":{}}],"line":194},"17":{"loc":{"start":{"line":245,"column":8},"end":{"line":247,"column":9}},"type":"if","locations":[{"start":{"line":245,"column":8},"end":{"line":247,"column":9}},{"start":{},"end":{}}],"line":245},"18":{"loc":{"start":{"line":249,"column":8},"end":{"line":252,"column":9}},"type":"if","locations":[{"start":{"line":249,"column":8},"end":{"line":252,"column":9}},{"start":{},"end":{}}],"line":249},"19":{"loc":{"start":{"line":256,"column":8},"end":{"line":258,"column":9}},"type":"if","locations":[{"start":{"line":256,"column":8},"end":{"line":258,"column":9}},{"start":{},"end":{}}],"line":256},"20":{"loc":{"start":{"line":262,"column":4},"end":{"line":268,"column":5}},"type":"if","locations":[{"start":{"line":262,"column":4},"end":{"line":268,"column":5}},{"start":{},"end":{}}],"line":262},"21":{"loc":{"start":{"line":264,"column":6},"end":{"line":266,"column":7}},"type":"if","locations":[{"start":{"line":264,"column":6},"end":{"line":266,"column":7}},{"start":{},"end":{}}],"line":264},"22":{"loc":{"start":{"line":271,"column":20},"end":{"line":271,"column":92}},"type":"binary-expr","locations":[{"start":{"line":271,"column":20},"end":{"line":271,"column":54}},{"start":{"line":271,"column":58},"end":{"line":271,"column":86}},{"start":{"line":271,"column":90},"end":{"line":271,"column":92}}],"line":271}},"s":{"0":1,"1":1,"2":1,"3":1,"4":1,"5":1,"6":1,"7":0,"8":0,"9":0,"10":0,"11":4,"12":1,"13":4,"14":1,"15":1,"16":0,"17":0,"18":0,"19":0,"20":0,"21":0,"22":0,"23":0,"24":3,"25":3,"26":3,"27":0,"28":0,"29":0,"30":0,"31":0,"32":0,"33":0,"34":3,"35":3,"36":0,"37":0,"38":3,"39":3,"40":3,"41":3,"42":3,"43":3,"44":2,"45":0,"46":0,"47":0,"48":0,"49":0,"50":0,"51":3,"52":3,"53":3,"54":3,"55":0,"56":0,"57":0,"58":0,"59":0,"60":0,"61":0,"62":0,"63":0,"64":3,"65":3,"66":3,"67":3,"68":1,"69":2,"70":2,"71":1,"72":1,"73":1,"74":1,"75":1,"76":1,"77":1,"78":0,"79":0,"80":3,"81":3,"82":4,"83":4,"84":4,"85":4,"86":4,"87":4,"88":4,"89":4,"90":8,"91":8,"92":5,"93":5,"94":2,"95":3,"96":2,"97":2,"98":2,"99":3,"100":3,"101":3,"102":2,"103":2,"104":4,"105":2,"106":2,"107":1,"108":2,"109":2,"110":2,"111":2,"112":0,"113":0,"114":1},"f":{"0":0,"1":4,"2":1,"3":4,"4":1,"5":3,"6":0,"7":3,"8":4,"9":2,"10":2},"b":{"0":[0,0],"1":[0,0],"2":[4,3],"3":[0,3],"4":[0,0],"5":[0,0],"6":[0,3],"7":[2,1],"8":[3,1],"9":[0,2],"10":[0,0],"11":[0,0,0],"12":[3,0],"13":[3,3,2],"14":[1,2],"15":[2,2,0],"16":[1,1],"17":[2,3],"18":[2,1],"19":[2,1],"20":[2,2],"21":[1,1],"22":[2,2,1]},"_coverageSchema":"1a1c01bbd47fc00a2c39e90264f33305004495a9","hash":"a91a4dfebb9b415c065938260c2a3c3b5d0fa4c8"}
,"/srv/workspaces/smarties/solana-concepts-sandbox/api/solana-tokens.js": {"path":"/srv/workspaces/smarties/solana-concepts-sandbox/api/solana-tokens.js","statementMap":{"0":{"start":{"line":1,"column":13},"end":{"line":1,"column":39}},"1":{"start":{"line":2,"column":17},"end":{"line":2,"column":45}},"2":{"start":{"line":3,"column":18},"end":{"line":3,"column":36}},"3":{"start":{"line":4,"column":25},"end":{"line":4,"column":44}},"4":{"start":{"line":5,"column":12},"end":{"line":5,"column":41}},"5":{"start":{"line":7,"column":19},"end":{"line":10,"column":1}},"6":{"start":{"line":20,"column":2},"end":{"line":53,"column":3}},"7":{"start":{"line":22,"column":21},"end":{"line":22,"column":65}},"8":{"start":{"line":23,"column":5},"end":{"line":23,"column":44}},"9":{"start":{"line":25,"column":4},"end":{"line":31,"column":5}},"10":{"start":{"line":26,"column":6},"end":{"line":30,"column":8}},"11":{"start":{"line":36,"column":17},"end":{"line":42,"column":5}},"12":{"start":{"line":44,"column":4},"end":{"line":44,"column":72}},"13":{"start":{"line":46,"column":4},"end":{"line":49,"column":6}},"14":{"start":{"line":51,"column":4},"end":{"line":51,"column":66}},"15":{"start":{"line":52,"column":4},"end":{"line":52,"column":16}},"16":{"start":{"line":65,"column":2},"end":{"line":93,"column":3}},"17":{"start":{"line":67,"column":20},"end":{"line":67,"column":64}},"18":{"start":{"line":68,"column":4},"end":{"line":74,"column":5}},"19":{"start":{"line":69,"column":6},"end":{"line":73,"column":8}},"20":{"start":{"line":77,"column":35},"end":{"line":82,"column":5}},"21":{"start":{"line":84,"column":4},"end":{"line":84,"column":108}},"22":{"start":{"line":86,"column":4},"end":{"line":89,"column":6}},"23":{"start":{"line":91,"column":4},"end":{"line":91,"column":76}},"24":{"start":{"line":92,"column":4},"end":{"line":92,"column":16}},"25":{"start":{"line":105,"column":2},"end":{"line":136,"column":3}},"26":{"start":{"line":107,"column":20},"end":{"line":107,"column":64}},"27":{"start":{"line":108,"column":4},"end":{"line":114,"column":5}},"28":{"start":{"line":109,"column":6},"end":{"line":113,"column":8}},"29":{"start":{"line":118,"column":22},"end":{"line":125,"column":5}},"30":{"start":{"line":127,"column":4},"end":{"line":127,"column":67}},"31":{"start":{"line":129,"column":4},"end":{"line":132,"column":6}},"32":{"start":{"line":134,"column":4},"end":{"line":134,"column":60}},"33":{"start":{"line":135,"column":4},"end":{"line":135,"column":16}},"34":{"start":{"line":146,"column":2},"end":{"line":157,"column":3}},"35":{"start":{"line":147,"column":17},"end":{"line":147,"column":84}},"36":{"start":{"line":148,"column":4},"end":{"line":153,"column":6}},"37":{"start":{"line":155,"column":4},"end":{"line":155,"column":61}},"38":{"start":{"line":156,"column":4},"end":{"line":156,"column":16}},"39":{"start":{"line":167,"column":2},"end":{"line":178,"column":3}},"40":{"start":{"line":168,"column":20},"end":{"line":168,"column":98}},"41":{"start":{"line":169,"column":4},"end":{"line":174,"column":6}},"42":{"start":{"line":176,"column":4},"end":{"line":176,"column":72}},"43":{"start":{"line":177,"column":4},"end":{"line":177,"column":16}},"44":{"start":{"line":181,"column":0},"end":{"line":188,"column":2}}},"fnMap":{"0":{"name":"createPetTokenMint","decl":{"start":{"line":19,"column":15},"end":{"line":19,"column":33}},"loc":{"start":{"line":19,"column":50},"end":{"line":54,"column":1}},"line":19},"1":{"name":"createAssociatedTokenAccount","decl":{"start":{"line":64,"column":15},"end":{"line":64,"column":43}},"loc":{"start":{"line":64,"column":73},"end":{"line":94,"column":1}},"line":64},"2":{"name":"mintPetToken","decl":{"start":{"line":104,"column":15},"end":{"line":104,"column":27}},"loc":{"start":{"line":104,"column":69},"end":{"line":137,"column":1}},"line":104},"3":{"name":"getTokenInfo","decl":{"start":{"line":145,"column":15},"end":{"line":145,"column":27}},"loc":{"start":{"line":145,"column":41},"end":{"line":158,"column":1}},"line":145},"4":{"name":"getTokenAccountBalance","decl":{"start":{"line":166,"column":15},"end":{"line":166,"column":37}},"loc":{"start":{"line":166,"column":59},"end":{"line":179,"column":1}},"line":166}},"branchMap":{"0":{"loc":{"start":{"line":25,"column":4},"end":{"line":31,"column":5}},"type":"if","locations":[{"start":{"line":25,"column":4},"end":{"line":31,"column":5}},{"start":{},"end":{}}],"line":25},"1":{"loc":{"start":{"line":68,"column":4},"end":{"line":74,"column":5}},"type":"if","locations":[{"start":{"line":68,"column":4},"end":{"line":74,"column":5}},{"start":{},"end":{}}],"line":68},"2":{"loc":{"start":{"line":108,"column":4},"end":{"line":114,"column":5}},"type":"if","locations":[{"start":{"line":108,"column":4},"end":{"line":114,"column":5}},{"start":{},"end":{}}],"line":108}},"s":{"0":0,"1":0,"2":0,"3":0,"4":0,"5":0,"6":0,"7":0,"8":0,"9":0,"10":0,"11":0,"12":0,"13":0,"14":0,"15":0,"16":0,"17":0,"18":0,"19":0,"20":0,"21":0,"22":0,"23":0,"24":0,"25":0,"26":0,"27":0,"28":0,"29":0,"30":0,"31":0,"32":0,"33":0,"34":0,"35":0,"36":0,"37":0,"38":0,"39":0,"40":0,"41":0,"42":0,"43":0,"44":0},"f":{"0":0,"1":0,"2":0,"3":0,"4":0},"b":{"0":[0,0],"1":[0,0],"2":[0,0]}}
,"/srv/workspaces/smarties/solana-concepts-sandbox/api/vaccination-tx.js": {"path":"/srv/workspaces/smarties/solana-concepts-sandbox/api/vaccination-tx.js","statementMap":{"0":{"start":{"line":1,"column":13},"end":{"line":1,"column":39}},"1":{"start":{"line":2,"column":17},"end":{"line":2,"column":45}},"2":{"start":{"line":3,"column":18},"end":{"line":3,"column":36}},"3":{"start":{"line":4,"column":25},"end":{"line":4,"column":44}},"4":{"start":{"line":5,"column":12},"end":{"line":5,"column":42}},"5":{"start":{"line":7,"column":19},"end":{"line":10,"column":1}},"6":{"start":{"line":13,"column":24},"end":{"line":13,"column":89}},"7":{"start":{"line":37,"column":2},"end":{"line":128,"column":3}},"8":{"start":{"line":53,"column":8},"end":{"line":53,"column":12}},"9":{"start":{"line":55,"column":4},"end":{"line":55,"column":76}},"10":{"start":{"line":58,"column":28},"end":{"line":58,"column":76}},"11":{"start":{"line":59,"column":4},"end":{"line":59,"column":90}},"12":{"start":{"line":60,"column":4},"end":{"line":65,"column":5}},"13":{"start":{"line":61,"column":6},"end":{"line":61,"column":90}},"14":{"start":{"line":62,"column":6},"end":{"line":62,"column":91}},"15":{"start":{"line":64,"column":6},"end":{"line":64,"column":74}},"16":{"start":{"line":68,"column":24},"end":{"line":68,"column":46}},"17":{"start":{"line":71,"column":21},"end":{"line":87,"column":7}},"18":{"start":{"line":89,"column":5},"end":{"line":89,"column":71}},"19":{"start":{"line":93,"column":28},"end":{"line":97,"column":6}},"20":{"start":{"line":98,"column":4},"end":{"line":98,"column":43}},"21":{"start":{"line":101,"column":28},"end":{"line":101,"column":65}},"22":{"start":{"line":102,"column":4},"end":{"line":102,"column":60}},"23":{"start":{"line":103,"column":4},"end":{"line":103,"column":56}},"24":{"start":{"line":105,"column":4},"end":{"line":105,"column":51}},"25":{"start":{"line":106,"column":4},"end":{"line":106,"column":82}},"26":{"start":{"line":107,"column":4},"end":{"line":107,"column":85}},"27":{"start":{"line":108,"column":4},"end":{"line":108,"column":91}},"28":{"start":{"line":109,"column":4},"end":{"line":109,"column":107}},"29":{"start":{"line":110,"column":4},"end":{"line":110,"column":136}},"30":{"start":{"line":114,"column":4},"end":{"line":124,"column":6}},"31":{"start":{"line":126,"column":4},"end":{"line":126,"column":75}},"32":{"start":{"line":127,"column":4},"end":{"line":127,"column":16}},"33":{"start":{"line":139,"column":2},"end":{"line":152,"column":3}},"34":{"start":{"line":141,"column":15},"end":{"line":141,"column":57}},"35":{"start":{"line":142,"column":4},"end":{"line":145,"column":5}},"36":{"start":{"line":143,"column":6},"end":{"line":143,"column":72}},"37":{"start":{"line":144,"column":6},"end":{"line":144,"column":19}},"38":{"start":{"line":147,"column":4},"end":{"line":147,"column":69}},"39":{"start":{"line":148,"column":4},"end":{"line":148,"column":16}},"40":{"start":{"line":150,"column":4},"end":{"line":150,"column":74}},"41":{"start":{"line":151,"column":4},"end":{"line":151,"column":17}},"42":{"start":{"line":162,"column":2},"end":{"line":193,"column":3}},"43":{"start":{"line":163,"column":15},"end":{"line":163,"column":57}},"44":{"start":{"line":164,"column":4},"end":{"line":166,"column":5}},"45":{"start":{"line":165,"column":6},"end":{"line":165,"column":18}},"46":{"start":{"line":169,"column":19},"end":{"line":169,"column":23}},"47":{"start":{"line":170,"column":4},"end":{"line":181,"column":5}},"48":{"start":{"line":171,"column":30},"end":{"line":173,"column":7}},"49":{"start":{"line":172,"column":17},"end":{"line":172,"column":94}},"50":{"start":{"line":174,"column":6},"end":{"line":180,"column":7}},"51":{"start":{"line":175,"column":8},"end":{"line":179,"column":9}},"52":{"start":{"line":176,"column":10},"end":{"line":176,"column":65}},"53":{"start":{"line":178,"column":10},"end":{"line":178,"column":48}},"54":{"start":{"line":183,"column":4},"end":{"line":189,"column":6}},"55":{"start":{"line":191,"column":4},"end":{"line":191,"column":79}},"56":{"start":{"line":192,"column":4},"end":{"line":192,"column":16}},"57":{"start":{"line":196,"column":0},"end":{"line":200,"column":2}}},"fnMap":{"0":{"name":"createVaccinationTransaction","decl":{"start":{"line":36,"column":15},"end":{"line":36,"column":43}},"loc":{"start":{"line":36,"column":50},"end":{"line":129,"column":1}},"line":36},"1":{"name":"verifyVaccinationSignature","decl":{"start":{"line":138,"column":15},"end":{"line":138,"column":41}},"loc":{"start":{"line":138,"column":60},"end":{"line":153,"column":1}},"line":138},"2":{"name":"getVaccinationTransactionInfo","decl":{"start":{"line":161,"column":15},"end":{"line":161,"column":44}},"loc":{"start":{"line":161,"column":56},"end":{"line":194,"column":1}},"line":161},"3":{"name":"(anonymous_3)","decl":{"start":{"line":172,"column":8},"end":{"line":172,"column":9}},"loc":{"start":{"line":172,"column":17},"end":{"line":172,"column":94}},"line":172}},"branchMap":{"0":{"loc":{"start":{"line":60,"column":4},"end":{"line":65,"column":5}},"type":"if","locations":[{"start":{"line":60,"column":4},"end":{"line":65,"column":5}},{"start":{"line":63,"column":11},"end":{"line":65,"column":5}}],"line":60},"1":{"loc":{"start":{"line":81,"column":27},"end":{"line":81,"column":82}},"type":"cond-expr","locations":[{"start":{"line":81,"column":56},"end":{"line":81,"column":75}},{"start":{"line":81,"column":78},"end":{"line":81,"column":82}}],"line":81},"2":{"loc":{"start":{"line":83,"column":18},"end":{"line":83,"column":36}},"type":"binary-expr","locations":[{"start":{"line":83,"column":18},"end":{"line":83,"column":28}},{"start":{"line":83,"column":32},"end":{"line":83,"column":36}}],"line":83},"3":{"loc":{"start":{"line":84,"column":17},"end":{"line":84,"column":34}},"type":"binary-expr","locations":[{"start":{"line":84,"column":17},"end":{"line":84,"column":26}},{"start":{"line":84,"column":30},"end":{"line":84,"column":34}}],"line":84},"4":{"loc":{"start":{"line":142,"column":4},"end":{"line":145,"column":5}},"type":"if","locations":[{"start":{"line":142,"column":4},"end":{"line":145,"column":5}},{"start":{},"end":{}}],"line":142},"5":{"loc":{"start":{"line":164,"column":4},"end":{"line":166,"column":5}},"type":"if","locations":[{"start":{"line":164,"column":4},"end":{"line":166,"column":5}},{"start":{},"end":{}}],"line":164},"6":{"loc":{"start":{"line":170,"column":4},"end":{"line":181,"column":5}},"type":"if","locations":[{"start":{"line":170,"column":4},"end":{"line":181,"column":5}},{"start":{},"end":{}}],"line":170},"7":{"loc":{"start":{"line":174,"column":6},"end":{"line":180,"column":7}},"type":"if","locations":[{"start":{"line":174,"column":6},"end":{"line":180,"column":7}},{"start":{},"end":{}}],"line":174},"8":{"loc":{"start":{"line":174,"column":10},"end":{"line":174,"column":49}},"type":"binary-expr","locations":[{"start":{"line":174,"column":10},"end":{"line":174,"column":25}},{"start":{"line":174,"column":29},"end":{"line":174,"column":49}}],"line":174},"9":{"loc":{"start":{"line":187,"column":14},"end":{"line":187,"column":49}},"type":"cond-expr","locations":[{"start":{"line":187,"column":29},"end":{"line":187,"column":37}},{"start":{"line":187,"column":40},"end":{"line":187,"column":49}}],"line":187}},"s":{"0":0,"1":0,"2":0,"3":0,"4":0,"5":0,"6":0,"7":0,"8":0,"9":0,"10":0,"11":0,"12":0,"13":0,"14":0,"15":0,"16":0,"17":0,"18":0,"19":0,"20":0,"21":0,"22":0,"23":0,"24":0,"25":0,"26":0,"27":0,"28":0,"29":0,"30":0,"31":0,"32":0,"33":0,"34":0,"35":0,"36":0,"37":0,"38":0,"39":0,"40":0,"41":0,"42":0,"43":0,"44":0,"45":0,"46":0,"47":0,"48":0,"49":0,"50":0,"51":0,"52":0,"53":0,"54":0,"55":0,"56":0,"57":0},"f":{"0":0,"1":0,"2":0,"3":0},"b":{"0":[0,0],"1":[0,0],"2":[0,0],"3":[0,0],"4":[0,0],"5":[0,0],"6":[0,0],"7":[0,0],"8":[0,0],"9":[0,0]}}
}
