TN:
SF:api/carecircle.js
FN:19,extractCredentialUuid
FN:29,getSasCredentialAddress
FN:48,hasCredentialAccess
FN:60,(anonymous_3)
FN:102,calculateFileHash
FN:145,(anonymous_5)
FN:193,(anonymous_6)
FN:240,(anonymous_7)
FN:268,(anonymous_8)
FN:344,(anonymous_9)
FN:495,(anonymous_10)
FN:531,(anonymous_11)
FN:649,(anonymous_12)
FN:670,(anonymous_13)
FN:738,(anonymous_14)
FNF:15
FNH:7
FNDA:0,extractCredentialUuid
FNDA:0,getSasCredentialAddress
FNDA:13,hasCredentialAccess
FNDA:0,(anonymous_3)
FNDA:10,calculateFileHash
FNDA:3,(anonymous_5)
FNDA:0,(anonymous_6)
FNDA:4,(anonymous_7)
FNDA:0,(anonymous_8)
FNDA:15,(anonymous_9)
FNDA:11,(anonymous_10)
FNDA:0,(anonymous_11)
FNDA:0,(anonymous_12)
FNDA:0,(anonymous_13)
FNDA:1,(anonymous_14)
DA:1,1
DA:2,1
DA:3,1
DA:4,1
DA:5,1
DA:6,1
DA:7,1
DA:8,1
DA:9,1
DA:10,1
DA:20,0
DA:21,0
DA:22,0
DA:30,0
DA:31,0
DA:32,0
DA:33,0
DA:34,0
DA:36,0
DA:37,0
DA:49,13
DA:51,13
DA:52,13
DA:56,0
DA:59,0
DA:60,0
DA:62,0
DA:63,0
DA:64,0
DA:67,0
DA:68,0
DA:69,0
DA:73,0
DA:74,0
DA:76,0
DA:77,0
DA:78,0
DA:80,0
DA:81,0
DA:82,0
DA:83,0
DA:86,0
DA:91,0
DA:92,0
DA:94,0
DA:95,0
DA:103,10
DA:145,1
DA:146,3
DA:147,3
DA:148,3
DA:149,2
DA:153,1
DA:154,1
DA:155,1
DA:156,0
DA:159,0
DA:160,0
DA:163,0
DA:164,0
DA:167,0
DA:169,0
DA:170,0
DA:171,0
DA:172,0
DA:173,0
DA:176,0
DA:181,0
DA:182,0
DA:193,0
DA:195,1
DA:196,1
DA:240,1
DA:241,4
DA:242,4
DA:243,4
DA:245,4
DA:246,3
DA:250,1
DA:251,1
DA:252,0
DA:255,1
DA:256,1
DA:259,1
DA:260,1
DA:263,1
DA:264,1
DA:266,1
DA:267,0
DA:268,0
DA:269,0
DA:270,0
DA:274,1
DA:276,0
DA:277,0
DA:344,1
DA:345,15
DA:346,15
DA:348,15
DA:349,5
DA:353,10
DA:354,10
DA:355,0
DA:358,10
DA:359,10
DA:360,0
DA:365,10
DA:366,0
DA:367,10
DA:369,10
DA:370,10
DA:371,0
DA:373,0
DA:374,0
DA:376,0
DA:378,0
DA:379,0
DA:382,10
DA:385,10
DA:386,0
DA:387,0
DA:388,0
DA:391,0
DA:392,0
DA:395,0
DA:397,0
DA:399,0
DA:400,0
DA:401,0
DA:405,0
DA:406,0
DA:407,0
DA:409,0
DA:413,10
DA:416,10
DA:428,0
DA:429,0
DA:495,1
DA:496,11
DA:497,11
DA:499,11
DA:500,9
DA:504,2
DA:505,2
DA:506,0
DA:510,2
DA:511,2
DA:512,1
DA:516,1
DA:517,1
DA:518,1
DA:527,0
DA:529,0
DA:530,0
DA:531,0
DA:532,0
DA:533,0
DA:534,0
DA:537,0
DA:538,0
DA:542,0
DA:543,0
DA:546,0
DA:547,0
DA:548,0
DA:551,0
DA:553,0
DA:554,0
DA:560,0
DA:562,0
DA:564,0
DA:565,0
DA:567,0
DA:568,0
DA:574,0
DA:576,0
DA:592,0
DA:593,0
DA:599,0
DA:600,0
DA:649,1
DA:650,0
DA:651,0
DA:652,0
DA:654,0
DA:655,0
DA:658,0
DA:661,0
DA:662,0
DA:663,0
DA:666,0
DA:668,0
DA:669,0
DA:670,0
DA:671,0
DA:672,0
DA:673,0
DA:676,0
DA:677,0
DA:678,0
DA:681,0
DA:684,0
DA:685,0
DA:686,0
DA:690,0
DA:691,0
DA:695,0
DA:696,0
DA:697,0
DA:700,0
DA:701,0
DA:703,0
DA:704,0
DA:707,0
DA:713,0
DA:714,0
DA:715,0
DA:717,0
DA:724,0
DA:726,0
DA:729,0
DA:730,0
DA:738,1
DA:739,1
DA:740,1
DA:741,1
DA:742,1
DA:743,1
DA:745,0
DA:747,0
DA:748,0
DA:752,1
LF:232
LH:78
BRDA:20,0,0,0
BRDA:20,0,1,0
BRDA:22,1,0,0
BRDA:22,1,1,0
BRDA:51,2,0,13
BRDA:51,2,1,0
BRDA:64,3,0,0
BRDA:64,3,1,0
BRDA:67,4,0,0
BRDA:67,4,1,0
BRDA:67,5,0,0
BRDA:67,5,1,0
BRDA:73,6,0,0
BRDA:73,6,1,0
BRDA:73,7,0,0
BRDA:73,7,1,0
BRDA:81,8,0,0
BRDA:81,8,1,0
BRDA:81,9,0,0
BRDA:81,9,1,0
BRDA:148,10,0,2
BRDA:148,10,1,1
BRDA:163,11,0,0
BRDA:163,11,1,0
BRDA:172,12,0,0
BRDA:172,12,1,0
BRDA:172,13,0,0
BRDA:172,13,1,0
BRDA:181,14,0,0
BRDA:181,14,1,0
BRDA:245,15,0,3
BRDA:245,15,1,1
BRDA:245,16,0,4
BRDA:245,16,1,3
BRDA:251,17,0,0
BRDA:251,17,1,1
BRDA:259,18,0,1
BRDA:259,18,1,0
BRDA:266,19,0,0
BRDA:266,19,1,1
BRDA:348,20,0,5
BRDA:348,20,1,10
BRDA:348,21,0,15
BRDA:348,21,1,14
BRDA:348,21,2,13
BRDA:348,21,3,12
BRDA:354,22,0,0
BRDA:354,22,1,10
BRDA:359,23,0,0
BRDA:359,23,1,10
BRDA:365,24,0,0
BRDA:365,24,1,10
BRDA:367,25,0,10
BRDA:367,25,1,0
BRDA:369,26,0,0
BRDA:369,26,1,10
BRDA:371,27,0,0
BRDA:371,27,1,0
BRDA:374,28,0,0
BRDA:374,28,1,0
BRDA:374,29,0,0
BRDA:374,29,1,0
BRDA:374,29,2,0
BRDA:378,30,0,0
BRDA:378,30,1,0
BRDA:385,31,0,0
BRDA:385,31,1,10
BRDA:391,32,0,0
BRDA:391,32,1,0
BRDA:399,33,0,0
BRDA:399,33,1,0
BRDA:499,34,0,9
BRDA:499,34,1,2
BRDA:499,35,0,11
BRDA:499,35,1,10
BRDA:499,35,2,3
BRDA:505,36,0,0
BRDA:505,36,1,2
BRDA:511,37,0,1
BRDA:511,37,1,1
BRDA:516,38,0,1
BRDA:516,38,1,0
BRDA:534,39,0,0
BRDA:534,39,1,0
BRDA:537,40,0,0
BRDA:537,40,1,0
BRDA:564,41,0,0
BRDA:564,41,1,0
BRDA:654,42,0,0
BRDA:654,42,1,0
BRDA:654,43,0,0
BRDA:654,43,1,0
BRDA:662,44,0,0
BRDA:662,44,1,0
BRDA:673,45,0,0
BRDA:673,45,1,0
BRDA:676,46,0,0
BRDA:676,46,1,0
BRDA:684,47,0,0
BRDA:684,47,1,0
BRDA:700,48,0,0
BRDA:700,48,1,0
BRDA:700,49,0,0
BRDA:700,49,1,0
BRDA:714,50,0,0
BRDA:714,50,1,0
BRDA:741,51,0,1
BRDA:741,51,1,0
BRF:108
BRH:32
end_of_record
TN:
SF:api/config.js
FNF:0
FNH:0
DA:6,21
DA:8,21
LF:2
LH:2
BRDA:10,0,0,21
BRDA:10,0,1,21
BRDA:11,1,0,21
BRDA:11,1,1,21
BRDA:15,2,0,21
BRDA:15,2,1,21
BRDA:19,3,0,21
BRDA:19,3,1,21
BRDA:23,4,0,21
BRDA:23,4,1,21
BRF:10
BRH:10
end_of_record
TN:
SF:api/database.js
FN:35,initializeDatabase
FN:138,runMigrations
FN:153,(anonymous_2)
FN:168,(anonymous_3)
FN:174,(anonymous_4)
FN:180,(anonymous_5)
FN:186,(anonymous_6)
FN:191,(anonymous_7)
FN:192,(anonymous_8)
FN:200,(anonymous_9)
FN:201,(anonymous_10)
FN:215,(anonymous_11)
FN:222,(anonymous_12)
FN:228,(anonymous_13)
FN:234,(anonymous_14)
FN:248,(anonymous_15)
FN:264,(anonymous_16)
FN:278,(anonymous_17)
FN:292,(anonymous_18)
FN:310,(anonymous_19)
FN:331,(anonymous_20)
FN:337,(anonymous_21)
FN:343,(anonymous_22)
FN:349,(anonymous_23)
FN:368,(anonymous_24)
FN:376,(anonymous_25)
FN:385,(anonymous_26)
FN:433,(anonymous_27)
FN:439,(anonymous_28)
FN:445,(anonymous_29)
FN:451,(anonymous_30)
FN:469,(anonymous_31)
FN:488,(anonymous_32)
FN:534,(anonymous_33)
FN:540,(anonymous_34)
FN:546,(anonymous_35)
FN:552,(anonymous_36)
FN:561,(anonymous_37)
FN:599,(anonymous_38)
FN:610,(anonymous_39)
FN:621,(anonymous_40)
FN:632,(anonymous_41)
FN:635,(anonymous_42)
FN:645,(anonymous_43)
FN:654,(anonymous_44)
FN:682,(anonymous_45)
FN:688,(anonymous_46)
FN:694,(anonymous_47)
FN:703,(anonymous_48)
FN:734,(anonymous_49)
FN:740,(anonymous_50)
FN:746,(anonymous_51)
FNF:52
FNH:29
FNDA:0,initializeDatabase
FNDA:0,runMigrations
FNDA:17,(anonymous_2)
FNDA:80,(anonymous_3)
FNDA:0,(anonymous_4)
FNDA:0,(anonymous_5)
FNDA:0,(anonymous_6)
FNDA:0,(anonymous_7)
FNDA:0,(anonymous_8)
FNDA:0,(anonymous_9)
FNDA:0,(anonymous_10)
FNDA:0,(anonymous_11)
FNDA:0,(anonymous_12)
FNDA:0,(anonymous_13)
FNDA:4,(anonymous_14)
FNDA:2,(anonymous_15)
FNDA:0,(anonymous_16)
FNDA:0,(anonymous_17)
FNDA:0,(anonymous_18)
FNDA:0,(anonymous_19)
FNDA:0,(anonymous_20)
FNDA:0,(anonymous_21)
FNDA:0,(anonymous_22)
FNDA:0,(anonymous_23)
FNDA:0,(anonymous_24)
FNDA:0,(anonymous_25)
FNDA:28,(anonymous_26)
FNDA:61,(anonymous_27)
FNDA:10,(anonymous_28)
FNDA:0,(anonymous_29)
FNDA:3,(anonymous_30)
FNDA:1,(anonymous_31)
FNDA:13,(anonymous_32)
FNDA:12,(anonymous_33)
FNDA:6,(anonymous_34)
FNDA:4,(anonymous_35)
FNDA:1,(anonymous_36)
FNDA:24,(anonymous_37)
FNDA:37,(anonymous_38)
FNDA:1,(anonymous_39)
FNDA:3,(anonymous_40)
FNDA:5,(anonymous_41)
FNDA:1075,(anonymous_42)
FNDA:5,(anonymous_43)
FNDA:10,(anonymous_44)
FNDA:11,(anonymous_45)
FNDA:6,(anonymous_46)
FNDA:1,(anonymous_47)
FNDA:7,(anonymous_48)
FNDA:8,(anonymous_49)
FNDA:3,(anonymous_50)
FNDA:1,(anonymous_51)
DA:1,16
DA:2,16
DA:3,16
DA:4,16
DA:5,16
DA:8,16
DA:9,16
DA:12,16
DA:13,16
DA:14,16
DA:15,0
DA:19,0
DA:20,0
DA:29,16
DA:32,16
DA:37,0
DA:59,0
DA:84,0
DA:114,0
DA:134,0
DA:139,0
DA:143,0
DA:144,0
DA:146,0
DA:151,16
DA:154,17
DA:155,17
DA:157,17
DA:162,17
DA:164,17
DA:169,80
DA:170,80
DA:175,0
DA:176,0
DA:181,0
DA:182,0
DA:187,0
DA:188,0
DA:190,0
DA:191,0
DA:192,0
DA:195,0
DA:196,0
DA:199,0
DA:200,0
DA:201,0
DA:203,0
DA:209,0
DA:211,0
DA:216,0
DA:217,0
DA:218,0
DA:223,0
DA:224,0
DA:229,0
DA:230,0
DA:235,4
DA:236,4
DA:237,1
DA:240,3
DA:241,1
DA:244,2
DA:249,2
DA:250,2
DA:251,1
DA:254,1
DA:265,0
DA:266,0
DA:267,0
DA:269,0
DA:270,0
DA:272,0
DA:273,0
DA:279,0
DA:280,0
DA:281,0
DA:285,0
DA:286,0
DA:289,0
DA:290,0
DA:292,0
DA:293,0
DA:294,0
DA:295,0
DA:296,0
DA:298,0
DA:301,0
DA:302,0
DA:308,16
DA:311,0
DA:312,0
DA:315,0
DA:316,0
DA:317,0
DA:320,0
DA:325,0
DA:327,0
DA:332,0
DA:333,0
DA:338,0
DA:339,0
DA:344,0
DA:345,0
DA:350,0
DA:351,0
DA:352,0
DA:355,0
DA:356,0
DA:359,0
DA:360,0
DA:361,0
DA:364,0
DA:369,0
DA:370,0
DA:372,0
DA:377,0
DA:378,0
DA:383,16
DA:404,28
DA:405,28
DA:408,28
DA:409,28
DA:410,1
DA:413,27
DA:422,27
DA:429,27
DA:434,61
DA:435,61
DA:440,10
DA:441,10
DA:446,0
DA:447,0
DA:452,3
DA:453,3
DA:455,3
DA:465,3
DA:470,1
DA:471,1
DA:473,1
DA:486,16
DA:498,13
DA:499,13
DA:502,13
DA:503,13
DA:504,1
DA:508,12
DA:509,12
DA:510,0
DA:514,12
DA:515,1
DA:518,11
DA:525,11
DA:530,11
DA:535,12
DA:536,12
DA:541,6
DA:542,6
DA:547,4
DA:548,4
DA:553,1
DA:554,1
DA:559,16
DA:577,24
DA:579,24
DA:588,24
DA:595,22
DA:600,37
DA:601,37
DA:602,37
DA:603,32
DA:604,32
DA:606,37
DA:611,1
DA:612,1
DA:613,1
DA:614,1
DA:615,1
DA:617,1
DA:622,3
DA:623,3
DA:624,3
DA:625,2
DA:626,2
DA:628,3
DA:633,5
DA:634,5
DA:635,5
DA:636,1075
DA:637,1075
DA:638,1075
DA:640,1075
DA:646,5
DA:647,5
DA:652,16
DA:664,10
DA:666,10
DA:673,10
DA:678,10
DA:683,11
DA:684,11
DA:689,6
DA:690,6
DA:695,1
DA:696,1
DA:701,16
DA:715,7
DA:717,7
DA:724,7
DA:730,7
DA:735,8
DA:736,8
DA:741,3
DA:742,3
DA:747,1
DA:748,1
DA:753,16
LF:216
LH:127
BRDA:8,0,0,16
BRDA:8,0,1,0
BRDA:12,1,0,16
BRDA:12,1,1,0
BRDA:14,2,0,0
BRDA:14,2,1,16
BRDA:14,3,0,16
BRDA:14,3,1,0
BRDA:19,4,0,0
BRDA:19,4,1,0
BRDA:162,5,0,17
BRDA:162,5,1,0
BRDA:195,6,0,0
BRDA:195,6,1,0
BRDA:236,7,0,1
BRDA:236,7,1,3
BRDA:240,8,0,1
BRDA:240,8,1,2
BRDA:240,9,0,3
BRDA:240,9,1,2
BRDA:250,10,0,1
BRDA:250,10,1,1
BRDA:266,11,0,0
BRDA:266,11,1,0
BRDA:270,12,0,0
BRDA:270,12,1,0
BRDA:280,13,0,0
BRDA:280,13,1,0
BRDA:285,14,0,0
BRDA:285,14,1,0
BRDA:290,15,0,0
BRDA:290,15,1,0
BRDA:293,16,0,0
BRDA:293,16,1,0
BRDA:295,17,0,0
BRDA:295,17,1,0
BRDA:295,18,0,0
BRDA:295,18,1,0
BRDA:316,19,0,0
BRDA:316,19,1,0
BRDA:325,20,0,0
BRDA:325,20,1,0
BRDA:325,21,0,0
BRDA:325,21,1,0
BRDA:325,22,0,0
BRDA:325,22,1,0
BRDA:351,23,0,0
BRDA:351,23,1,0
BRDA:355,24,0,0
BRDA:355,24,1,0
BRDA:360,25,0,0
BRDA:360,25,1,0
BRDA:369,26,0,0
BRDA:369,26,1,0
BRDA:409,27,0,1
BRDA:409,27,1,27
BRDA:425,28,0,27
BRDA:425,28,1,26
BRDA:426,29,0,27
BRDA:426,29,1,0
BRDA:426,30,0,27
BRDA:426,30,1,0
BRDA:453,31,0,0
BRDA:453,31,1,3
BRDA:465,32,0,3
BRDA:465,32,1,0
BRDA:471,33,0,0
BRDA:471,33,1,1
BRDA:503,34,0,1
BRDA:503,34,1,12
BRDA:509,35,0,0
BRDA:509,35,1,12
BRDA:514,36,0,1
BRDA:514,36,1,11
BRDA:527,37,0,11
BRDA:527,37,1,0
BRDA:527,38,0,11
BRDA:527,38,1,0
BRDA:527,39,0,11
BRDA:527,39,1,7
BRDA:590,40,0,24
BRDA:590,40,1,0
BRDA:591,41,0,24
BRDA:591,41,1,0
BRDA:591,42,0,24
BRDA:591,42,1,0
BRDA:592,43,0,24
BRDA:592,43,1,0
BRDA:592,44,0,24
BRDA:592,44,1,0
BRDA:602,45,0,32
BRDA:602,45,1,5
BRDA:602,46,0,37
BRDA:602,46,1,32
BRDA:604,47,0,32
BRDA:604,47,1,0
BRDA:613,48,0,1
BRDA:613,48,1,0
BRDA:613,49,0,1
BRDA:613,49,1,1
BRDA:615,50,0,1
BRDA:615,50,1,0
BRDA:624,51,0,2
BRDA:624,51,1,1
BRDA:624,52,0,3
BRDA:624,52,1,2
BRDA:626,53,0,2
BRDA:626,53,1,0
BRDA:632,54,0,0
BRDA:632,55,0,0
BRDA:636,56,0,1075
BRDA:636,56,1,0
BRDA:638,57,0,1075
BRDA:638,57,1,0
BRDA:675,58,0,10
BRDA:675,58,1,5
BRDA:675,59,0,10
BRDA:675,59,1,5
BRDA:675,60,0,10
BRDA:675,60,1,5
BRDA:725,61,0,7
BRDA:725,61,1,6
BRDA:726,62,0,7
BRDA:726,62,1,5
BRDA:726,63,0,7
BRDA:726,63,1,5
BRDA:727,64,0,7
BRDA:727,64,1,5
BRDA:727,65,0,7
BRDA:727,65,1,5
BRF:130
BRH:68
end_of_record
TN:
SF:api/healthcred.js
FN:100,(anonymous_0)
FN:234,(anonymous_1)
FN:320,(anonymous_2)
FN:491,(anonymous_3)
FN:504,(anonymous_4)
FN:539,(anonymous_5)
FN:578,(anonymous_6)
FN:614,(anonymous_7)
FN:718,(anonymous_8)
FN:752,(anonymous_9)
FN:891,(anonymous_10)
FN:928,(anonymous_11)
FN:1050,(anonymous_12)
FN:1086,(anonymous_13)
FN:1213,(anonymous_14)
FNF:15
FNH:12
FNDA:18,(anonymous_0)
FNDA:0,(anonymous_1)
FNDA:9,(anonymous_2)
FNDA:4,(anonymous_3)
FNDA:210,(anonymous_4)
FNDA:3,(anonymous_5)
FNDA:2,(anonymous_6)
FNDA:6,(anonymous_7)
FNDA:0,(anonymous_8)
FNDA:4,(anonymous_9)
FNDA:2,(anonymous_10)
FNDA:3,(anonymous_11)
FNDA:0,(anonymous_12)
FNDA:1,(anonymous_13)
FNDA:1,(anonymous_14)
DA:8,2
DA:9,2
DA:10,2
DA:11,2
DA:12,2
DA:13,2
DA:14,2
DA:15,2
DA:16,2
DA:18,2
DA:19,2
DA:20,2
DA:21,2
DA:100,2
DA:101,18
DA:102,18
DA:104,18
DA:105,18
DA:106,18
DA:107,18
DA:108,18
DA:111,18
DA:112,1
DA:113,1
DA:117,17
DA:118,1
DA:119,1
DA:124,16
DA:126,16
DA:127,16
DA:129,2
DA:130,2
DA:133,14
DA:134,2
DA:135,2
DA:138,12
DA:139,2
DA:140,2
DA:143,10
DA:144,10
DA:147,10
DA:148,10
DA:152,10
DA:156,10
DA:159,10
DA:160,10
DA:163,10
DA:171,10
DA:172,10
DA:175,10
DA:176,10
DA:177,10
DA:186,10
DA:187,10
DA:188,10
DA:191,10
DA:192,10
DA:196,10
DA:197,10
DA:198,10
DA:202,10
DA:204,0
DA:205,0
DA:206,0
DA:208,10
DA:211,10
DA:212,10
DA:228,10
DA:229,2
DA:231,10
DA:234,10
DA:235,0
DA:236,0
DA:238,10
DA:240,10
DA:242,10
DA:254,0
DA:255,0
DA:320,2
DA:321,9
DA:322,9
DA:324,9
DA:325,9
DA:327,9
DA:328,0
DA:332,9
DA:333,0
DA:334,0
DA:337,9
DA:338,9
DA:341,9
DA:342,9
DA:343,9
DA:344,9
DA:345,9
DA:347,9
DA:348,9
DA:350,9
DA:351,9
DA:353,9
DA:354,9
DA:359,9
DA:360,9
DA:362,0
DA:363,0
DA:367,9
DA:368,9
DA:369,9
DA:370,9
DA:371,9
DA:378,9
DA:379,9
DA:385,9
DA:386,9
DA:387,9
DA:393,9
DA:399,9
DA:400,9
DA:408,9
DA:410,0
DA:411,0
DA:412,0
DA:415,0
DA:416,0
DA:421,9
DA:422,9
DA:424,9
DA:425,9
DA:442,1
DA:444,1
DA:445,1
DA:449,8
DA:451,8
DA:452,8
DA:453,8
DA:454,8
DA:455,8
DA:456,8
DA:458,8
DA:460,8
DA:482,0
DA:483,0
DA:491,2
DA:492,4
DA:493,4
DA:494,4
DA:496,4
DA:497,1
DA:500,3
DA:501,3
DA:504,210
DA:520,3
DA:530,0
DA:531,0
DA:539,2
DA:540,3
DA:541,3
DA:543,3
DA:544,1
DA:548,2
DA:549,2
DA:566,2
DA:568,0
DA:569,0
DA:578,2
DA:579,2
DA:580,2
DA:582,2
DA:583,0
DA:586,2
DA:588,2
DA:589,1
DA:593,1
DA:594,1
DA:596,0
DA:597,0
DA:614,2
DA:615,6
DA:616,6
DA:618,6
DA:621,6
DA:622,1
DA:625,5
DA:626,0
DA:630,5
DA:631,5
DA:632,1
DA:636,4
DA:637,4
DA:640,4
DA:641,0
DA:642,0
DA:646,4
DA:647,4
DA:650,4
DA:651,4
DA:652,4
DA:655,4
DA:663,4
DA:664,4
DA:667,4
DA:668,4
DA:677,4
DA:678,4
DA:681,4
DA:685,4
DA:686,4
DA:691,0
DA:692,0
DA:694,4
DA:696,4
DA:700,4
DA:701,4
DA:712,4
DA:713,1
DA:715,4
DA:718,4
DA:719,0
DA:720,0
DA:722,4
DA:724,4
DA:737,0
DA:738,0
DA:752,2
DA:753,4
DA:754,4
DA:756,4
DA:758,4
DA:759,0
DA:763,4
DA:764,0
DA:765,0
DA:768,4
DA:769,4
DA:772,4
DA:773,4
DA:774,4
DA:775,4
DA:776,4
DA:778,4
DA:779,4
DA:781,4
DA:782,4
DA:784,4
DA:785,4
DA:790,4
DA:791,4
DA:793,0
DA:794,0
DA:798,4
DA:800,4
DA:801,4
DA:802,4
DA:804,4
DA:805,4
DA:808,4
DA:809,4
DA:816,4
DA:817,4
DA:820,4
DA:821,4
DA:827,4
DA:830,4
DA:831,4
DA:839,4
DA:841,0
DA:842,0
DA:843,0
DA:844,0
DA:848,4
DA:849,4
DA:850,4
DA:862,4
DA:864,4
DA:865,4
DA:867,4
DA:882,0
DA:883,0
DA:891,2
DA:892,2
DA:893,2
DA:895,2
DA:896,2
DA:897,1
DA:900,1
DA:902,1
DA:907,0
DA:908,0
DA:928,2
DA:929,3
DA:930,3
DA:932,3
DA:935,3
DA:936,1
DA:939,2
DA:940,0
DA:944,2
DA:945,2
DA:946,1
DA:950,1
DA:951,1
DA:952,0
DA:956,1
DA:958,1
DA:959,1
DA:963,1
DA:966,1
DA:967,1
DA:968,0
DA:970,1
DA:971,1
DA:974,1
DA:975,1
DA:978,1
DA:979,1
DA:980,1
DA:983,1
DA:991,1
DA:992,1
DA:995,1
DA:996,1
DA:1005,1
DA:1006,1
DA:1009,1
DA:1013,1
DA:1014,1
DA:1019,0
DA:1020,0
DA:1022,1
DA:1024,1
DA:1028,1
DA:1029,1
DA:1044,1
DA:1045,1
DA:1047,1
DA:1050,1
DA:1051,0
DA:1052,0
DA:1054,1
DA:1056,1
DA:1070,0
DA:1071,0
DA:1086,2
DA:1087,1
DA:1088,1
DA:1089,1
DA:1091,1
DA:1093,1
DA:1095,1
DA:1096,0
DA:1100,1
DA:1101,0
DA:1102,0
DA:1105,1
DA:1106,1
DA:1109,1
DA:1110,1
DA:1111,1
DA:1112,1
DA:1113,1
DA:1115,1
DA:1116,1
DA:1118,1
DA:1119,1
DA:1121,1
DA:1122,1
DA:1127,1
DA:1128,1
DA:1130,0
DA:1131,0
DA:1136,1
DA:1137,0
DA:1138,0
DA:1139,0
DA:1142,0
DA:1143,0
DA:1146,0
DA:1148,0
DA:1150,0
DA:1151,0
DA:1152,0
DA:1156,0
DA:1157,0
DA:1158,0
DA:1159,0
DA:1161,0
DA:1165,1
DA:1169,1
DA:1170,1
DA:1171,1
DA:1185,1
DA:1187,1
DA:1189,1
DA:1204,0
DA:1205,0
DA:1213,2
DA:1214,1
DA:1215,1
DA:1217,1
DA:1218,1
DA:1219,1
DA:1222,0
DA:1224,0
DA:1229,0
DA:1230,0
DA:1234,2
LF:406
LH:323
BRDA:19,0,0,2
BRDA:19,0,1,2
BRDA:111,1,0,1
BRDA:111,1,1,17
BRDA:111,2,0,18
BRDA:111,2,1,17
BRDA:111,2,2,17
BRDA:111,2,3,17
BRDA:111,2,4,17
BRDA:111,2,5,17
BRDA:117,3,0,1
BRDA:117,3,1,16
BRDA:133,4,0,2
BRDA:133,4,1,12
BRDA:133,5,0,14
BRDA:133,5,1,12
BRDA:138,6,0,2
BRDA:138,6,1,10
BRDA:228,7,0,2
BRDA:228,7,1,8
BRDA:327,8,0,0
BRDA:327,8,1,9
BRDA:327,9,0,9
BRDA:327,9,1,9
BRDA:332,10,0,0
BRDA:332,10,1,9
BRDA:332,11,0,9
BRDA:332,11,1,9
BRDA:415,12,0,0
BRDA:415,12,1,0
BRDA:454,13,0,8
BRDA:454,13,1,0
BRDA:493,14,0,4
BRDA:493,14,1,0
BRDA:494,15,0,4
BRDA:494,15,1,4
BRDA:496,16,0,1
BRDA:496,16,1,3
BRDA:496,17,0,4
BRDA:496,17,1,3
BRDA:543,18,0,1
BRDA:543,18,1,2
BRDA:548,19,0,2
BRDA:548,19,1,0
BRDA:582,20,0,0
BRDA:582,20,1,2
BRDA:588,21,0,1
BRDA:588,21,1,1
BRDA:621,22,0,1
BRDA:621,22,1,5
BRDA:621,23,0,6
BRDA:621,23,1,6
BRDA:621,23,2,6
BRDA:621,23,3,5
BRDA:625,24,0,0
BRDA:625,24,1,5
BRDA:631,25,0,1
BRDA:631,25,1,4
BRDA:640,26,0,0
BRDA:640,26,1,4
BRDA:712,27,0,1
BRDA:712,27,1,3
BRDA:758,28,0,0
BRDA:758,28,1,4
BRDA:758,29,0,4
BRDA:758,29,1,4
BRDA:763,30,0,0
BRDA:763,30,1,4
BRDA:763,31,0,4
BRDA:763,31,1,4
BRDA:896,32,0,1
BRDA:896,32,1,1
BRDA:904,33,0,1
BRDA:904,33,1,0
BRDA:935,34,0,1
BRDA:935,34,1,2
BRDA:935,35,0,3
BRDA:935,35,1,3
BRDA:935,35,2,2
BRDA:935,35,3,2
BRDA:935,35,4,2
BRDA:939,36,0,0
BRDA:939,36,1,2
BRDA:945,37,0,1
BRDA:945,37,1,1
BRDA:951,38,0,0
BRDA:951,38,1,1
BRDA:958,39,0,0
BRDA:958,39,1,1
BRDA:967,40,0,0
BRDA:967,40,1,1
BRDA:1044,41,0,1
BRDA:1044,41,1,0
BRDA:1095,42,0,0
BRDA:1095,42,1,1
BRDA:1095,43,0,1
BRDA:1095,43,1,1
BRDA:1100,44,0,0
BRDA:1100,44,1,1
BRDA:1100,45,0,1
BRDA:1100,45,1,1
BRDA:1136,46,0,0
BRDA:1136,46,1,1
BRDA:1142,47,0,0
BRDA:1142,47,1,0
BRDA:1146,48,0,0
BRDA:1146,48,1,0
BRDA:1150,49,0,0
BRDA:1150,49,1,0
BRDA:1156,50,0,0
BRDA:1156,50,1,0
BRDA:1218,51,0,1
BRDA:1218,51,1,0
BRDA:1226,52,0,0
BRDA:1226,52,1,0
BRF:115
BRH:83
end_of_record
TN:
SF:api/logger.js
FN:28,(anonymous_0)
FN:36,(anonymous_1)
FN:69,createLogger
FN:71,(anonymous_3)
FN:72,(anonymous_4)
FN:73,(anonymous_5)
FN:74,(anonymous_6)
FNF:7
FNH:7
FNDA:1449,(anonymous_0)
FNDA:696,(anonymous_1)
FNDA:70,createLogger
FNDA:707,(anonymous_3)
FNDA:3,(anonymous_4)
FNDA:13,(anonymous_5)
FNDA:3,(anonymous_6)
DA:6,20
DA:7,20
DA:8,20
DA:9,20
DA:11,20
DA:14,20
DA:15,20
DA:19,20
DA:20,20
DA:21,20
DA:24,20
DA:29,1449
DA:30,1449
DA:31,1449
DA:33,1449
DA:36,1449
DA:37,696
DA:41,1449
DA:42,0
DA:45,1449
DA:50,20
DA:70,70
DA:71,707
DA:72,3
DA:73,13
DA:74,3
DA:78,20
LF:27
LH:26
BRDA:14,0,0,20
BRDA:14,0,1,0
BRDA:30,1,0,1449
BRDA:30,1,1,0
BRDA:36,2,0,696
BRDA:36,2,1,753
BRDA:36,3,0,1449
BRDA:36,3,1,696
BRDA:41,4,0,0
BRDA:41,4,1,1449
BRDA:51,5,0,20
BRDA:51,5,1,20
BRDA:71,6,0,367
BRDA:72,7,0,3
BRDA:73,8,0,3
BRDA:74,9,0,3
BRF:16
BRH:13
end_of_record
TN:
SF:api/logs.js
FN:59,(anonymous_0)
FNF:1
FNH:1
FNDA:36,(anonymous_0)
DA:5,1
DA:6,1
DA:7,1
DA:9,1
DA:59,1
DA:60,36
DA:61,36
DA:63,36
DA:64,11
DA:68,25
DA:69,25
DA:71,2
DA:72,2
DA:74,2
DA:75,2
DA:77,2
DA:78,2
DA:80,19
DA:83,25
DA:85,0
DA:86,0
DA:90,1
LF:22
LH:20
BRDA:63,0,0,11
BRDA:63,0,1,25
BRDA:63,1,0,36
BRDA:63,1,1,30
BRDA:69,2,0,2
BRDA:69,2,1,2
BRDA:69,2,2,2
BRDA:69,2,3,19
BRDA:69,3,0,25
BRDA:69,3,1,15
BRF:10
BRH:10
end_of_record
TN:
SF:api/payer.js
FN:9,initializePayerKeypair
FN:44,(anonymous_1)
FNF:2
FNH:0
FNDA:0,initializePayerKeypair
FNDA:0,(anonymous_1)
DA:1,0
DA:2,0
DA:3,0
DA:4,0
DA:5,0
DA:6,0
DA:11,0
DA:14,0
DA:15,0
DA:20,0
DA:22,0
DA:23,0
DA:24,0
DA:27,0
DA:28,0
DA:29,0
DA:30,0
DA:31,0
DA:32,0
DA:33,0
DA:36,0
DA:40,0
DA:42,0
DA:44,0
LF:24
LH:0
BRDA:14,0,0,0
BRDA:14,0,1,0
BRDA:20,1,0,0
BRDA:20,1,1,0
BRF:4
BRH:0
end_of_record
TN:
SF:api/petdiet.js
FN:57,(anonymous_0)
FN:168,(anonymous_1)
FN:203,(anonymous_2)
FN:484,(anonymous_3)
FN:632,(anonymous_4)
FNF:5
FNH:5
FNDA:6,(anonymous_0)
FNDA:15,(anonymous_1)
FNDA:25,(anonymous_2)
FNDA:11,(anonymous_3)
FNDA:9,(anonymous_4)
DA:1,2
DA:2,2
DA:3,2
DA:4,2
DA:5,2
DA:6,2
DA:7,2
DA:8,2
DA:9,2
DA:12,2
DA:18,2
DA:57,2
DA:58,6
DA:59,6
DA:61,6
DA:62,1
DA:66,5
DA:67,5
DA:68,1
DA:72,4
DA:74,4
DA:76,0
DA:77,0
DA:168,2
DA:169,15
DA:185,15
DA:188,15
DA:189,2
DA:193,13
DA:203,25
DA:204,2
DA:208,11
DA:209,11
DA:210,11
DA:211,1
DA:214,0
DA:218,11
DA:219,11
DA:220,2
DA:224,9
DA:225,2
DA:228,7
DA:231,7
DA:232,7
DA:240,7
DA:241,7
DA:244,7
DA:245,7
DA:246,7
DA:253,7
DA:254,7
DA:257,7
DA:258,7
DA:267,7
DA:270,7
DA:273,7
DA:274,7
DA:277,7
DA:298,7
DA:301,7
DA:302,7
DA:303,7
DA:304,7
DA:306,7
DA:314,7
DA:317,7
DA:322,7
DA:325,7
DA:326,7
DA:327,7
DA:330,7
DA:332,7
DA:333,7
DA:336,7
DA:337,7
DA:339,0
DA:340,0
DA:341,0
DA:344,7
DA:346,7
DA:357,7
DA:358,7
DA:360,7
DA:361,49
DA:362,20
DA:363,29
DA:365,29
DA:367,49
DA:370,7
DA:390,7
DA:392,7
DA:413,0
DA:414,0
DA:416,0
DA:419,0
DA:420,0
DA:484,2
DA:485,11
DA:492,11
DA:494,11
DA:495,2
DA:499,9
DA:500,9
DA:502,0
DA:506,9
DA:507,9
DA:508,2
DA:512,7
DA:513,7
DA:514,1
DA:518,6
DA:519,2
DA:522,4
DA:525,4
DA:527,4
DA:528,4
DA:531,4
DA:542,4
DA:545,4
DA:546,4
DA:547,4
DA:548,4
DA:550,4
DA:558,4
DA:561,4
DA:566,4
DA:569,4
DA:570,4
DA:571,4
DA:573,4
DA:576,4
DA:577,4
DA:580,4
DA:581,4
DA:584,4
DA:585,4
DA:588,4
DA:590,4
DA:591,4
DA:602,4
DA:604,4
DA:620,0
DA:621,0
DA:623,0
DA:626,0
DA:627,0
DA:632,2
DA:633,9
DA:634,9
DA:636,9
DA:637,2
DA:641,7
DA:642,7
DA:643,2
DA:647,5
DA:649,5
DA:651,0
DA:652,0
DA:656,2
LF:159
LH:140
BRDA:61,0,0,1
BRDA:61,0,1,5
BRDA:67,1,0,1
BRDA:67,1,1,4
BRDA:188,2,0,2
BRDA:188,2,1,13
BRDA:188,3,0,15
BRDA:188,3,1,15
BRDA:188,3,2,13
BRDA:188,3,3,13
BRDA:188,3,4,13
BRDA:188,3,5,13
BRDA:203,4,0,2
BRDA:203,4,1,11
BRDA:203,5,0,25
BRDA:203,5,1,11
BRDA:210,6,0,1
BRDA:210,6,1,10
BRDA:219,7,0,2
BRDA:219,7,1,9
BRDA:224,8,0,2
BRDA:224,8,1,7
BRDA:284,9,0,7
BRDA:284,9,1,0
BRDA:285,10,0,7
BRDA:285,10,1,5
BRDA:286,11,0,7
BRDA:286,11,1,5
BRDA:287,12,0,7
BRDA:287,12,1,5
BRDA:288,13,0,7
BRDA:288,13,1,4
BRDA:289,14,0,7
BRDA:289,14,1,5
BRDA:290,15,0,7
BRDA:290,15,1,5
BRDA:293,16,0,7
BRDA:293,16,1,6
BRDA:361,17,0,20
BRDA:361,17,1,29
BRDA:363,18,0,29
BRDA:363,18,1,0
BRDA:367,19,0,49
BRDA:367,19,1,29
BRDA:375,20,0,7
BRDA:375,20,1,0
BRDA:376,21,0,7
BRDA:376,21,1,0
BRDA:377,22,0,7
BRDA:377,22,1,0
BRDA:378,23,0,7
BRDA:378,23,1,0
BRDA:379,24,0,7
BRDA:379,24,1,0
BRDA:380,25,0,7
BRDA:380,25,1,0
BRDA:381,26,0,7
BRDA:381,26,1,0
BRDA:384,27,0,7
BRDA:384,27,1,6
BRDA:413,28,0,0
BRDA:413,28,1,0
BRDA:494,29,0,2
BRDA:494,29,1,9
BRDA:494,30,0,11
BRDA:494,30,1,11
BRDA:494,30,2,9
BRDA:494,30,3,9
BRDA:494,30,4,9
BRDA:507,31,0,2
BRDA:507,31,1,7
BRDA:513,32,0,1
BRDA:513,32,1,6
BRDA:518,33,0,2
BRDA:518,33,1,4
BRDA:577,34,0,4
BRDA:577,34,1,4
BRDA:577,35,0,4
BRDA:577,35,1,4
BRDA:620,36,0,0
BRDA:620,36,1,0
BRDA:636,37,0,2
BRDA:636,37,1,7
BRDA:642,38,0,2
BRDA:642,38,1,5
BRF:85
BRH:72
end_of_record
TN:
SF:api/pettracker.js
FN:17,ensureTokenAccountExists
FN:62,(anonymous_1)
FN:108,(anonymous_2)
FN:188,(anonymous_3)
FN:262,(anonymous_4)
FN:310,(anonymous_5)
FN:380,(anonymous_6)
FN:396,(anonymous_7)
FN:439,(anonymous_8)
FNF:9
FNH:0
FNDA:0,ensureTokenAccountExists
FNDA:0,(anonymous_1)
FNDA:0,(anonymous_2)
FNDA:0,(anonymous_3)
FNDA:0,(anonymous_4)
FNDA:0,(anonymous_5)
FNDA:0,(anonymous_6)
FNDA:0,(anonymous_7)
FNDA:0,(anonymous_8)
DA:1,0
DA:2,0
DA:3,0
DA:4,0
DA:5,0
DA:6,0
DA:8,0
DA:11,0
DA:18,0
DA:19,0
DA:20,0
DA:22,0
DA:23,0
DA:24,0
DA:26,0
DA:28,0
DA:29,0
DA:62,0
DA:63,0
DA:64,0
DA:65,0
DA:67,0
DA:68,0
DA:108,0
DA:109,0
DA:110,0
DA:111,0
DA:112,0
DA:115,0
DA:116,0
DA:117,0
DA:120,0
DA:122,0
DA:123,0
DA:188,0
DA:189,0
DA:190,0
DA:192,0
DA:193,0
DA:196,0
DA:197,0
DA:202,0
DA:203,0
DA:205,0
DA:209,0
DA:212,0
DA:214,0
DA:215,0
DA:216,0
DA:223,0
DA:230,0
DA:238,0
DA:248,0
DA:256,0
DA:257,0
DA:262,0
DA:263,0
DA:264,0
DA:266,0
DA:267,0
DA:270,0
DA:271,0
DA:275,0
DA:276,0
DA:277,0
DA:281,0
DA:282,0
DA:284,0
DA:288,0
DA:289,0
DA:290,0
DA:297,0
DA:302,0
DA:304,0
DA:305,0
DA:310,0
DA:311,0
DA:312,0
DA:314,0
DA:315,0
DA:318,0
DA:319,0
DA:324,0
DA:325,0
DA:327,0
DA:330,0
DA:333,0
DA:336,0
DA:337,0
DA:338,0
DA:341,0
DA:342,0
DA:343,0
DA:346,0
DA:347,0
DA:350,0
DA:362,0
DA:364,0
DA:374,0
DA:375,0
DA:380,0
DA:381,0
DA:382,0
DA:383,0
DA:384,0
DA:387,0
DA:388,0
DA:390,0
DA:391,0
DA:396,0
DA:397,0
DA:398,0
DA:400,0
DA:401,0
DA:404,0
DA:405,0
DA:409,0
DA:410,0
DA:412,0
DA:416,0
DA:418,0
DA:419,0
DA:420,0
DA:426,0
DA:433,0
DA:434,0
DA:439,0
DA:440,0
DA:443,0
DA:444,0
DA:449,0
DA:451,0
DA:452,0
DA:454,0
DA:460,0
DA:462,0
DA:463,0
DA:464,0
DA:471,0
DA:472,0
DA:473,0
DA:480,0
DA:483,0
DA:484,0
DA:491,0
DA:494,0
DA:495,0
DA:496,0
DA:497,0
DA:500,0
DA:501,0
DA:502,0
DA:503,0
DA:509,0
DA:510,0
DA:511,0
DA:513,0
DA:515,0
DA:516,0
DA:518,0
DA:519,0
DA:524,0
DA:525,0
DA:528,0
DA:530,0
DA:543,0
DA:544,0
DA:551,0
LF:168
LH:0
BRDA:20,0,0,0
BRDA:20,0,1,0
BRDA:111,1,0,0
BRDA:111,1,1,0
BRDA:116,2,0,0
BRDA:116,2,1,0
BRDA:192,3,0,0
BRDA:192,3,1,0
BRDA:192,4,0,0
BRDA:192,4,1,0
BRDA:196,5,0,0
BRDA:196,5,1,0
BRDA:212,6,0,0
BRDA:212,6,1,0
BRDA:215,7,0,0
BRDA:215,7,1,0
BRDA:266,8,0,0
BRDA:266,8,1,0
BRDA:270,9,0,0
BRDA:270,9,1,0
BRDA:276,10,0,0
BRDA:276,10,1,0
BRDA:289,11,0,0
BRDA:289,11,1,0
BRDA:314,12,0,0
BRDA:314,12,1,0
BRDA:314,13,0,0
BRDA:314,13,1,0
BRDA:318,14,0,0
BRDA:318,14,1,0
BRDA:383,15,0,0
BRDA:383,15,1,0
BRDA:400,16,0,0
BRDA:400,16,1,0
BRDA:404,17,0,0
BRDA:404,17,1,0
BRDA:418,18,0,0
BRDA:418,18,1,0
BRDA:443,19,0,0
BRDA:443,19,1,0
BRDA:443,20,0,0
BRDA:443,20,1,0
BRDA:443,20,2,0
BRDA:463,21,0,0
BRDA:463,21,1,0
BRDA:472,22,0,0
BRDA:472,22,1,0
BRDA:480,23,0,0
BRDA:480,23,1,0
BRDA:483,24,0,0
BRDA:483,24,1,0
BRDA:500,25,0,0
BRDA:500,25,1,0
BRDA:515,26,0,0
BRDA:515,26,1,0
BRF:55
BRH:0
end_of_record
TN:
SF:api/petvax.js
FN:64,(anonymous_0)
FN:90,(anonymous_1)
FN:99,(anonymous_2)
FN:217,(anonymous_3)
FN:366,(anonymous_4)
FN:477,(anonymous_5)
FN:498,(anonymous_6)
FN:529,(anonymous_7)
FN:549,(anonymous_8)
FN:550,(anonymous_9)
FN:560,(anonymous_10)
FNF:11
FNH:0
FNDA:0,(anonymous_0)
FNDA:0,(anonymous_1)
FNDA:0,(anonymous_2)
FNDA:0,(anonymous_3)
FNDA:0,(anonymous_4)
FNDA:0,(anonymous_5)
FNDA:0,(anonymous_6)
FNDA:0,(anonymous_7)
FNDA:0,(anonymous_8)
FNDA:0,(anonymous_9)
FNDA:0,(anonymous_10)
DA:1,0
DA:2,0
DA:3,0
DA:4,0
DA:5,0
DA:10,0
DA:11,0
DA:12,0
DA:14,0
DA:17,0
DA:64,0
DA:65,0
DA:66,0
DA:68,0
DA:69,0
DA:73,0
DA:74,0
DA:75,0
DA:79,0
DA:81,0
DA:90,0
DA:93,0
DA:94,0
DA:99,0
DA:100,0
DA:101,0
DA:103,0
DA:104,0
DA:108,0
DA:109,0
DA:110,0
DA:112,0
DA:116,0
DA:117,0
DA:118,0
DA:122,0
DA:123,0
DA:126,0
DA:129,0
DA:130,0
DA:138,0
DA:139,0
DA:142,0
DA:143,0
DA:144,0
DA:151,0
DA:152,0
DA:155,0
DA:156,0
DA:165,0
DA:168,0
DA:170,0
DA:171,0
DA:184,0
DA:186,0
DA:205,0
DA:206,0
DA:208,0
DA:211,0
DA:212,0
DA:217,0
DA:218,0
DA:233,0
DA:235,0
DA:236,0
DA:240,0
DA:241,0
DA:242,0
DA:244,0
DA:248,0
DA:249,0
DA:250,0
DA:254,0
DA:270,0
DA:277,0
DA:278,0
DA:366,0
DA:367,0
DA:383,0
DA:385,0
DA:386,0
DA:390,0
DA:391,0
DA:393,0
DA:397,0
DA:398,0
DA:399,0
DA:403,0
DA:404,0
DA:405,0
DA:409,0
DA:410,0
DA:411,0
DA:412,0
DA:418,0
DA:420,0
DA:421,0
DA:443,0
DA:444,0
DA:445,0
DA:447,0
DA:448,0
DA:451,0
DA:465,0
DA:466,0
DA:468,0
DA:471,0
DA:472,0
DA:477,0
DA:478,0
DA:479,0
DA:481,0
DA:482,0
DA:485,0
DA:486,0
DA:487,0
DA:490,0
DA:492,0
DA:493,0
DA:498,0
DA:499,0
DA:500,0
DA:502,0
DA:503,0
DA:506,0
DA:507,0
DA:508,0
DA:511,0
DA:513,0
DA:523,0
DA:524,0
DA:529,0
DA:530,0
DA:531,0
DA:533,0
DA:534,0
DA:538,0
DA:539,0
DA:541,0
DA:544,0
DA:546,0
DA:549,0
DA:550,0
DA:554,0
DA:555,0
DA:560,0
DA:561,0
DA:562,0
DA:564,0
DA:565,0
DA:568,0
DA:569,0
DA:570,0
DA:574,0
DA:576,0
DA:587,0
DA:588,0
DA:592,0
LF:158
LH:0
BRDA:68,0,0,0
BRDA:68,0,1,0
BRDA:74,1,0,0
BRDA:74,1,1,0
BRDA:103,2,0,0
BRDA:103,2,1,0
BRDA:103,3,0,0
BRDA:103,3,1,0
BRDA:103,3,2,0
BRDA:103,3,3,0
BRDA:103,3,4,0
BRDA:103,3,5,0
BRDA:117,4,0,0
BRDA:117,4,1,0
BRDA:122,5,0,0
BRDA:122,5,1,0
BRDA:122,6,0,0
BRDA:122,6,1,0
BRDA:178,7,0,0
BRDA:178,7,1,0
BRDA:205,8,0,0
BRDA:205,8,1,0
BRDA:235,9,0,0
BRDA:235,9,1,0
BRDA:235,10,0,0
BRDA:235,10,1,0
BRDA:235,10,2,0
BRDA:235,10,3,0
BRDA:235,10,4,0
BRDA:235,10,5,0
BRDA:242,11,0,0
BRDA:242,11,1,0
BRDA:249,12,0,0
BRDA:249,12,1,0
BRDA:256,13,0,0
BRDA:256,13,1,0
BRDA:257,14,0,0
BRDA:257,14,1,0
BRDA:261,15,0,0
BRDA:261,15,1,0
BRDA:262,16,0,0
BRDA:262,16,1,0
BRDA:263,17,0,0
BRDA:263,17,1,0
BRDA:265,18,0,0
BRDA:265,18,1,0
BRDA:266,19,0,0
BRDA:266,19,1,0
BRDA:385,20,0,0
BRDA:385,20,1,0
BRDA:385,21,0,0
BRDA:385,21,1,0
BRDA:385,21,2,0
BRDA:385,21,3,0
BRDA:398,22,0,0
BRDA:398,22,1,0
BRDA:404,23,0,0
BRDA:404,23,1,0
BRDA:409,24,0,0
BRDA:409,24,1,0
BRDA:411,25,0,0
BRDA:411,25,1,0
BRDA:428,26,0,0
BRDA:428,26,1,0
BRDA:429,27,0,0
BRDA:429,27,1,0
BRDA:430,28,0,0
BRDA:430,28,1,0
BRDA:433,29,0,0
BRDA:433,29,1,0
BRDA:434,30,0,0
BRDA:434,30,1,0
BRDA:435,31,0,0
BRDA:435,31,1,0
BRDA:436,32,0,0
BRDA:436,32,1,0
BRDA:437,33,0,0
BRDA:437,33,1,0
BRDA:438,34,0,0
BRDA:438,34,1,0
BRDA:439,35,0,0
BRDA:439,35,1,0
BRDA:444,36,0,0
BRDA:444,36,1,0
BRDA:447,37,0,0
BRDA:447,37,1,0
BRDA:454,38,0,0
BRDA:454,38,1,0
BRDA:454,39,0,0
BRDA:454,39,1,0
BRDA:460,40,0,0
BRDA:460,40,1,0
BRDA:461,41,0,0
BRDA:461,41,1,0
BRDA:465,42,0,0
BRDA:465,42,1,0
BRDA:481,43,0,0
BRDA:481,43,1,0
BRDA:486,44,0,0
BRDA:486,44,1,0
BRDA:502,45,0,0
BRDA:502,45,1,0
BRDA:507,46,0,0
BRDA:507,46,1,0
BRDA:533,47,0,0
BRDA:533,47,1,0
BRDA:564,48,0,0
BRDA:564,48,1,0
BRDA:569,49,0,0
BRDA:569,49,1,0
BRF:110
BRH:0
end_of_record
TN:
SF:api/sas-integration.js
FN:17,extractCredentialUuid
FN:27,roleToWeb3Account
FN:38,kitInstructionToWeb3
FN:40,(anonymous_3)
FN:49,sendTransaction
FN:74,ensureSasCredential
FN:81,(anonymous_6)
FN:183,addAuthorizedSigner
FN:230,getAuthorizedSigners
FN:251,(anonymous_9)
FN:257,(anonymous_10)
FNF:11
FNH:9
FNDA:0,extractCredentialUuid
FNDA:4,roleToWeb3Account
FNDA:1,kitInstructionToWeb3
FNDA:4,(anonymous_3)
FNDA:1,sendTransaction
FNDA:3,ensureSasCredential
FNDA:0,(anonymous_6)
FNDA:3,addAuthorizedSigner
FNDA:4,getAuthorizedSigners
FNDA:2,(anonymous_9)
FNDA:2,(anonymous_10)
DA:1,1
DA:5,1
DA:6,1
DA:7,1
DA:8,1
DA:9,1
DA:12,1
DA:18,0
DA:19,0
DA:20,0
DA:28,4
DA:39,1
DA:40,4
DA:50,1
DA:51,1
DA:53,0
DA:54,0
DA:55,0
DA:56,0
DA:58,0
DA:60,0
DA:61,0
DA:63,0
DA:75,3
DA:77,3
DA:78,3
DA:79,0
DA:80,0
DA:81,0
DA:82,0
DA:83,0
DA:84,0
DA:91,3
DA:92,3
DA:94,0
DA:95,0
DA:100,3
DA:105,3
DA:106,3
DA:109,3
DA:110,3
DA:113,3
DA:114,2
DA:115,0
DA:116,0
DA:117,0
DA:118,0
DA:119,0
DA:121,0
DA:131,3
DA:133,3
DA:134,3
DA:135,3
DA:144,0
DA:146,0
DA:150,0
DA:158,0
DA:159,0
DA:161,0
DA:163,0
DA:170,0
DA:171,0
DA:184,3
DA:185,3
DA:186,3
DA:188,3
DA:189,1
DA:193,2
DA:194,2
DA:195,1
DA:198,1
DA:199,1
DA:201,1
DA:205,1
DA:212,1
DA:213,1
DA:215,0
DA:217,0
DA:222,3
DA:223,3
DA:231,4
DA:232,4
DA:235,4
DA:236,4
DA:237,4
DA:238,4
DA:240,4
DA:241,8
DA:242,8
DA:243,5
DA:245,5
DA:246,2
DA:249,3
DA:250,2
DA:251,2
DA:254,3
DA:255,3
DA:256,3
DA:257,2
DA:262,4
DA:263,2
DA:264,2
DA:265,1
DA:267,2
DA:271,2
DA:272,2
DA:273,2
DA:275,0
DA:276,0
DA:280,1
LF:110
LH:72
BRDA:18,0,0,0
BRDA:18,0,1,0
BRDA:20,1,0,0
BRDA:20,1,1,0
BRDA:31,2,0,4
BRDA:31,2,1,3
BRDA:78,3,0,0
BRDA:78,3,1,3
BRDA:82,4,0,0
BRDA:82,4,1,0
BRDA:82,5,0,0
BRDA:82,5,1,0
BRDA:92,6,0,0
BRDA:92,6,1,3
BRDA:113,7,0,2
BRDA:113,7,1,1
BRDA:113,8,0,3
BRDA:113,8,1,1
BRDA:114,9,0,0
BRDA:114,9,1,2
BRDA:117,10,0,0
BRDA:117,10,1,0
BRDA:119,11,0,0
BRDA:119,11,1,0
BRDA:119,11,2,0
BRDA:131,12,0,3
BRDA:131,12,1,0
BRDA:133,13,0,3
BRDA:133,13,1,3
BRDA:133,13,2,2
BRDA:188,14,0,1
BRDA:188,14,1,2
BRDA:193,15,0,2
BRDA:193,15,1,2
BRDA:193,15,2,0
BRDA:194,16,0,1
BRDA:194,16,1,1
BRDA:245,17,0,2
BRDA:245,17,1,3
BRDA:249,18,0,2
BRDA:249,18,1,1
BRDA:256,19,0,2
BRDA:256,19,1,1
BRDA:262,20,0,2
BRDA:262,20,1,2
BRDA:264,21,0,1
BRDA:264,21,1,1
BRDA:271,22,0,2
BRDA:271,22,1,2
BRDA:271,22,2,1
BRF:50
BRH:32
end_of_record
TN:
SF:api/solana-tokens.js
FN:19,createPetTokenMint
FN:64,createAssociatedTokenAccount
FN:104,mintPetToken
FN:145,getTokenInfo
FN:166,getTokenAccountBalance
FNF:5
FNH:0
FNDA:0,createPetTokenMint
FNDA:0,createAssociatedTokenAccount
FNDA:0,mintPetToken
FNDA:0,getTokenInfo
FNDA:0,getTokenAccountBalance
DA:1,0
DA:2,0
DA:3,0
DA:4,0
DA:5,0
DA:7,0
DA:20,0
DA:22,0
DA:23,0
DA:25,0
DA:26,0
DA:36,0
DA:44,0
DA:46,0
DA:51,0
DA:52,0
DA:65,0
DA:67,0
DA:68,0
DA:69,0
DA:77,0
DA:84,0
DA:86,0
DA:91,0
DA:92,0
DA:105,0
DA:107,0
DA:108,0
DA:109,0
DA:118,0
DA:127,0
DA:129,0
DA:134,0
DA:135,0
DA:146,0
DA:147,0
DA:148,0
DA:155,0
DA:156,0
DA:167,0
DA:168,0
DA:169,0
DA:176,0
DA:177,0
DA:181,0
LF:45
LH:0
BRDA:25,0,0,0
BRDA:25,0,1,0
BRDA:68,1,0,0
BRDA:68,1,1,0
BRDA:108,2,0,0
BRDA:108,2,1,0
BRF:6
BRH:0
end_of_record
TN:
SF:api/vaccination-tx.js
FN:36,createVaccinationTransaction
FN:138,verifyVaccinationSignature
FN:161,getVaccinationTransactionInfo
FN:172,(anonymous_3)
FNF:4
FNH:0
FNDA:0,createVaccinationTransaction
FNDA:0,verifyVaccinationSignature
FNDA:0,getVaccinationTransactionInfo
FNDA:0,(anonymous_3)
DA:1,0
DA:2,0
DA:3,0
DA:4,0
DA:5,0
DA:7,0
DA:13,0
DA:37,0
DA:53,0
DA:55,0
DA:58,0
DA:59,0
DA:60,0
DA:61,0
DA:62,0
DA:64,0
DA:68,0
DA:71,0
DA:89,0
DA:93,0
DA:98,0
DA:101,0
DA:102,0
DA:103,0
DA:105,0
DA:106,0
DA:107,0
DA:108,0
DA:109,0
DA:110,0
DA:114,0
DA:126,0
DA:127,0
DA:139,0
DA:141,0
DA:142,0
DA:143,0
DA:144,0
DA:147,0
DA:148,0
DA:150,0
DA:151,0
DA:162,0
DA:163,0
DA:164,0
DA:165,0
DA:169,0
DA:170,0
DA:171,0
DA:172,0
DA:174,0
DA:175,0
DA:176,0
DA:178,0
DA:183,0
DA:191,0
DA:192,0
DA:196,0
LF:58
LH:0
BRDA:60,0,0,0
BRDA:60,0,1,0
BRDA:81,1,0,0
BRDA:81,1,1,0
BRDA:83,2,0,0
BRDA:83,2,1,0
BRDA:84,3,0,0
BRDA:84,3,1,0
BRDA:142,4,0,0
BRDA:142,4,1,0
BRDA:164,5,0,0
BRDA:164,5,1,0
BRDA:170,6,0,0
BRDA:170,6,1,0
BRDA:174,7,0,0
BRDA:174,7,1,0
BRDA:174,8,0,0
BRDA:174,8,1,0
BRDA:187,9,0,0
BRDA:187,9,1,0
BRF:20
BRH:0
end_of_record
